2021-04-18T00:01:39	ab022201211299  on topic: agvHandler

2021-04-18T00:01:39	System.ArithmeticException: Invalid command data
   at AgvPlanningModule.DataProcessing.ParseDataCommand(String rawData) in D:\AGV3.0\AGV3.0\Source code\2021\AGV_3.0_source_code_2021\PlanningModule\AgvPlanningModule\DataProcessing.cs:line 80
2021-04-18T00:02:16	ab02220116186789351299  on topic: agvHandler

2021-04-18T00:02:16	Recieved login command : ab02220116186789351299
2021-04-18T00:03:32	ab02220116186790111299  on topic: agvHandler

2021-04-18T00:03:32	Recieved login command : ab02220116186790111299
2021-04-18T00:03:35	ab0134011618679013047FC942F76C8199  on topic: agvHandler

2021-04-18T00:03:35	Recieved meet new RFID command : ab0134011618679013047FC942F76C8199
2021-04-18T00:03:44	ab01340116186790230481CA42F76C8199  on topic: agvHandler

2021-04-18T00:03:44	Recieved meet new RFID command : ab01340116186790230481CA42F76C8199
2021-04-18T00:03:49	ab01340116186790293066B1B999  on topic: agvHandler

2021-04-18T00:03:49	System.ArithmeticException: Invalid command data
   at AgvPlanningModule.DataProcessing.ParseDataCommand(String rawData) in D:\AGV3.0\AGV3.0\Source code\2021\AGV_3.0_source_code_2021\PlanningModule\AgvPlanningModule\DataProcessing.cs:line 80
2021-04-18T00:05:23	ab02220116186791231299  on topic: agvHandler

2021-04-18T00:05:23	Recieved login command : ab02220116186791231299
2021-04-18T00:05:52	ab01340116186791513066B1B999  on topic: agvHandler

2021-04-18T00:05:52	System.ArithmeticException: Invalid command data
   at AgvPlanningModule.DataProcessing.ParseDataCommand(String rawData) in D:\AGV3.0\AGV3.0\Source code\2021\AGV_3.0_source_code_2021\PlanningModule\AgvPlanningModule\DataProcessing.cs:line 80
2021-04-18T00:06:06	ab01340116186791650481CA42F76C8199  on topic: agvHandler

2021-04-18T00:06:06	Recieved meet new RFID command : ab01340116186791650481CA42F76C8199
2021-04-18T00:06:11	ab0134011618679170047FC942F76C8199  on topic: agvHandler

2021-04-18T00:06:11	Recieved meet new RFID command : ab0134011618679170047FC942F76C8199
2021-04-18T00:08:16	ab02220116186792951299  on topic: agvHandler

2021-04-18T00:08:16	Recieved login command : ab02220116186792951299
2021-04-18T00:08:54	ab0134011618679333047FC942F76C8199  on topic: agvHandler

2021-04-18T00:08:54	Recieved meet new RFID command : ab0134011618679333047FC942F76C8199
2021-04-18T00:08:57	ab01340116186793363066B1B900000099  on topic: agvHandler

2021-04-18T00:08:57	Recieved meet new RFID command : ab01340116186793363066B1B900000099
2021-04-18T00:09:06	ab01340116186793450481CA42F76C8199  on topic: agvHandler

2021-04-18T00:09:06	Recieved meet new RFID command : ab01340116186793450481CA42F76C8199
2021-04-18T00:09:10	ab0134011618679349047FC942F76C8199  on topic: agvHandler

2021-04-18T00:09:10	Recieved meet new RFID command : ab0134011618679349047FC942F76C8199
2021-04-18T00:09:12	ab01340116186793523066B1B900000099  on topic: agvHandler

2021-04-18T00:09:12	Recieved meet new RFID command : ab01340116186793523066B1B900000099
2021-04-18T00:10:23	ab02220116186794231299  on topic: agvHandler

2021-04-18T00:11:04	Recieved login command : ab02220116186794231299
2021-04-18T00:11:04	ab033601161867942799C3903C3600000099  on topic: agvHandler

2021-04-18T00:11:04	Recieved heartbeat command : ab033601161867942799C3903C3600000099
2021-04-18T00:11:04	ab033601161867943099C3903C3600000099  on topic: agvHandler

2021-04-18T00:11:04	Recieved heartbeat command : ab033601161867943099C3903C3600000099
2021-04-18T00:11:04	ab033601161867943499C3903C3600000099  on topic: agvHandler

2021-04-18T00:11:04	Recieved heartbeat command : ab033601161867943499C3903C3600000099
2021-04-18T00:11:04	ab033601161867943799C3903C3600000099  on topic: agvHandler

2021-04-18T00:11:04	Recieved heartbeat command : ab033601161867943799C3903C3600000099
2021-04-18T00:11:04	ab033601161867944199C3903C3600000099  on topic: agvHandler

2021-04-18T00:11:04	Recieved heartbeat command : ab033601161867944199C3903C3600000099
2021-04-18T00:11:04	ab033601161867944499C3903C3600000099  on topic: agvHandler

2021-04-18T00:11:04	Recieved heartbeat command : ab033601161867944499C3903C3600000099
2021-04-18T00:11:04	ab033601161867944899C3903C3600000099  on topic: agvHandler

2021-04-18T00:11:04	Recieved heartbeat command : ab033601161867944899C3903C3600000099
2021-04-18T00:11:04	ab033601161867945199C3903C3600000099  on topic: agvHandler

2021-04-18T00:11:04	Recieved heartbeat command : ab033601161867945199C3903C3600000099
2021-04-18T00:11:04	ab033601161867945599C3903C3600000099  on topic: agvHandler

2021-04-18T00:11:04	Recieved heartbeat command : ab033601161867945599C3903C3600000099
2021-04-18T00:11:04	ab033601161867945999C3903C3600000099  on topic: agvHandler

2021-04-18T00:11:04	Recieved heartbeat command : ab033601161867945999C3903C3600000099
2021-04-18T00:11:04	ab033601161867946299C3903C3600000099  on topic: agvHandler

2021-04-18T00:11:04	Recieved heartbeat command : ab033601161867946299C3903C3600000099
2021-04-18T00:11:06	ab033601161867946699C3903C3600000099  on topic: agvHandler

2021-04-18T00:11:06	Recieved heartbeat command : ab033601161867946699C3903C3600000099
2021-04-18T00:11:09	ab033601161867946999C3903C3600000099  on topic: agvHandler

2021-04-18T00:11:09	Recieved heartbeat command : ab033601161867946999C3903C3600000099
2021-04-18T00:11:13	ab033601161867947399C3903C3600000099  on topic: agvHandler

2021-04-18T00:11:13	Recieved heartbeat command : ab033601161867947399C3903C3600000099
2021-04-18T00:11:17	ab033601161867947699C3903C3600000099  on topic: agvHandler

2021-04-18T00:11:17	Recieved heartbeat command : ab033601161867947699C3903C3600000099
2021-04-18T00:11:17	ab01340116186794760481CA42F76C8199  on topic: agvHandler

2021-04-18T00:11:17	Recieved meet new RFID command : ab01340116186794760481CA42F76C8199
2021-04-18T00:11:20	ab0342F76C81011618679480990481CA42F76C8199  on topic: agvHandler

2021-04-18T00:11:20	Recieved heartbeat command : ab0342F76C81011618679480990481CA42F76C8199
2021-04-18T00:11:26	ab0342F76C81011618679486990481CA42F76C8199  on topic: agvHandler

2021-04-18T00:11:26	Recieved heartbeat command : ab0342F76C81011618679486990481CA42F76C8199
2021-04-18T00:11:28	ab01340116186794873066B1B900000099  on topic: agvHandler

2021-04-18T00:11:28	Recieved meet new RFID command : ab01340116186794873066B1B900000099
2021-04-18T00:11:32	ab01340116186794920481CA42F76C8199  on topic: agvHandler

2021-04-18T00:11:32	Recieved meet new RFID command : ab01340116186794920481CA42F76C8199
2021-04-18T00:11:35	ab0342F76C81011618679495990481CA42F76C8199  on topic: agvHandler

2021-04-18T00:11:35	Recieved heartbeat command : ab0342F76C81011618679495990481CA42F76C8199
2021-04-18T00:11:36	ab0134011618679496047FC942F76C8199  on topic: agvHandler

2021-04-18T00:11:36	Recieved meet new RFID command : ab0134011618679496047FC942F76C8199
2021-04-18T00:11:41	ab01340116186795010474C842F76C8199  on topic: agvHandler

2021-04-18T00:11:41	Recieved meet new RFID command : ab01340116186795010474C842F76C8199
2021-04-18T00:11:44	ab0342F76C81011618679503990474C842F76C8199  on topic: agvHandler

2021-04-18T00:11:44	Recieved heartbeat command : ab0342F76C81011618679503990474C842F76C8199
2021-04-18T00:11:48	ab0342F76C81011618679508990474C842F76C8199  on topic: agvHandler

2021-04-18T00:11:48	Recieved heartbeat command : ab0342F76C81011618679508990474C842F76C8199
2021-04-18T00:11:53	ab0342F76C81011618679513990474C842F76C8199  on topic: agvHandler

2021-04-18T00:11:53	Recieved heartbeat command : ab0342F76C81011618679513990474C842F76C8199
2021-04-18T00:11:57	ab0342F76C81011618679517990474C842F76C8199  on topic: agvHandler

2021-04-18T00:11:57	Recieved heartbeat command : ab0342F76C81011618679517990474C842F76C8199
2021-04-18T00:12:02	ab0342F76C81011618679522990474C842F76C8199  on topic: agvHandler

2021-04-18T00:12:02	Recieved heartbeat command : ab0342F76C81011618679522990474C842F76C8199
2021-04-18T00:12:06	ab0342F76C81011618679526990474C842F76C8199  on topic: agvHandler

2021-04-18T00:12:06	Recieved heartbeat command : ab0342F76C81011618679526990474C842F76C8199
2021-04-18T00:12:11	ab0342F76C81011618679531990474C842F76C8199  on topic: agvHandler

2021-04-18T00:12:11	Recieved heartbeat command : ab0342F76C81011618679531990474C842F76C8199
2021-04-18T00:12:16	ab0342F76C81011618679535990474C842F76C8199  on topic: agvHandler

2021-04-18T00:12:16	Recieved heartbeat command : ab0342F76C81011618679535990474C842F76C8199
2021-04-18T00:12:20	ab0342F76C81011618679540990474C842F76C8199  on topic: agvHandler

2021-04-18T00:12:20	Recieved heartbeat command : ab0342F76C81011618679540990474C842F76C8199
2021-04-18T00:12:25	ab0342F76C81011618679545990474C842F76C8199  on topic: agvHandler

2021-04-18T00:12:25	Recieved heartbeat command : ab0342F76C81011618679545990474C842F76C8199
2021-04-18T00:12:29	ab0342F76C81011618679549990474C842F76C8199  on topic: agvHandler

2021-04-18T00:12:29	Recieved heartbeat command : ab0342F76C81011618679549990474C842F76C8199
2021-04-18T00:12:34	ab0342F76C81011618679554990474C842F76C8199  on topic: agvHandler

2021-04-18T00:12:34	Recieved heartbeat command : ab0342F76C81011618679554990474C842F76C8199
2021-04-18T00:12:39	ab0342F76C81011618679558990474C842F76C8199  on topic: agvHandler

2021-04-18T00:12:39	Recieved heartbeat command : ab0342F76C81011618679558990474C842F76C8199
2021-04-18T00:12:43	ab0342F76C81011618679563990474C842F76C8199  on topic: agvHandler

2021-04-18T00:12:43	Recieved heartbeat command : ab0342F76C81011618679563990474C842F76C8199
2021-04-18T00:12:48	ab0342F76C81011618679568990474C842F76C8199  on topic: agvHandler

2021-04-18T00:12:48	Recieved heartbeat command : ab0342F76C81011618679568990474C842F76C8199
2021-04-18T00:12:52	ab0342F76C81011618679572990474C842F76C8199  on topic: agvHandler

2021-04-18T00:12:52	Recieved heartbeat command : ab0342F76C81011618679572990474C842F76C8199
2021-04-18T00:12:57	ab0342F76C81011618679577990474C842F76C8199  on topic: agvHandler

2021-04-18T00:12:57	Recieved heartbeat command : ab0342F76C81011618679577990474C842F76C8199
2021-04-18T00:13:54	ab02220116186796331299  on topic: agvHandler

2021-04-18T00:13:54	Recieved login command : ab02220116186796331299
2021-04-18T00:13:58	ab033601161867963799C3903C3600000099  on topic: agvHandler

2021-04-18T00:13:58	Recieved heartbeat command : ab033601161867963799C3903C3600000099
2021-04-18T00:14:01	ab033601161867964199C3903C3600000099  on topic: agvHandler

2021-04-18T00:14:01	Recieved heartbeat command : ab033601161867964199C3903C3600000099
2021-04-18T00:14:05	ab033601161867964499C3903C3600000099  on topic: agvHandler

2021-04-18T00:14:05	Recieved heartbeat command : ab033601161867964499C3903C3600000099
2021-04-18T00:14:08	ab033601161867964899C3903C3600000099  on topic: agvHandler

2021-04-18T00:14:08	Recieved heartbeat command : ab033601161867964899C3903C3600000099
2021-04-18T00:14:12	ab033601161867965199C3903C3600000099  on topic: agvHandler

2021-04-18T00:14:12	Recieved heartbeat command : ab033601161867965199C3903C3600000099
2021-04-18T00:14:15	ab033601161867965599C3903C3600000099  on topic: agvHandler

2021-04-18T00:14:15	Recieved heartbeat command : ab033601161867965599C3903C3600000099
2021-04-18T00:14:19	ab033601161867965899C3903C3600000099  on topic: agvHandler

2021-04-18T00:14:19	Recieved heartbeat command : ab033601161867965899C3903C3600000099
2021-04-18T00:14:22	ab033601161867966299C3903C3600000099  on topic: agvHandler

2021-04-18T00:14:22	Recieved heartbeat command : ab033601161867966299C3903C3600000099
2021-04-18T00:14:26	ab033601161867966699C3903C3600000099  on topic: agvHandler

2021-04-18T00:14:26	Recieved heartbeat command : ab033601161867966699C3903C3600000099
2021-04-18T00:14:29	ab033601161867966999C3903C3600000099  on topic: agvHandler

2021-04-18T00:14:29	Recieved heartbeat command : ab033601161867966999C3903C3600000099
2021-04-18T00:14:33	ab033601161867967399C3903C3600000099  on topic: agvHandler

2021-04-18T00:14:33	Recieved heartbeat command : ab033601161867967399C3903C3600000099
2021-04-18T00:14:37	ab033601161867967699C3903C3600000099  on topic: agvHandler

2021-04-18T00:14:37	Recieved heartbeat command : ab033601161867967699C3903C3600000099
2021-04-18T00:14:40	ab033601161867968099C3903C3600000099  on topic: agvHandler

2021-04-18T00:14:40	Recieved heartbeat command : ab033601161867968099C3903C3600000099
2021-04-18T00:14:44	ab033601161867968399C3903C3600000099  on topic: agvHandler

2021-04-18T00:14:44	Recieved heartbeat command : ab033601161867968399C3903C3600000099
2021-04-18T00:14:47	ab033601161867968799C3903C3600000099  on topic: agvHandler

2021-04-18T00:14:47	Recieved heartbeat command : ab033601161867968799C3903C3600000099
2021-04-18T00:14:52	ab033601161867969099C3903C3600000099  on topic: agvHandler

2021-04-18T00:14:52	Recieved heartbeat command : ab033601161867969099C3903C3600000099
2021-04-18T00:14:54	ab033601161867969499C3903C3600000099  on topic: agvHandler

2021-04-18T00:14:54	Recieved heartbeat command : ab033601161867969499C3903C3600000099
2021-04-18T00:14:58	ab033601161867969799C3903C3600000099  on topic: agvHandler

2021-04-18T00:14:58	Recieved heartbeat command : ab033601161867969799C3903C3600000099
2021-04-18T00:15:01	ab033601161867970199C3903C3600000099  on topic: agvHandler

2021-04-18T00:15:01	Recieved heartbeat command : ab033601161867970199C3903C3600000099
2021-04-18T00:15:05	ab033601161867970499C3903C3600000099  on topic: agvHandler

2021-04-18T00:15:05	Recieved heartbeat command : ab033601161867970499C3903C3600000099
2021-04-18T00:15:08	ab033601161867970899C3903C3600000099  on topic: agvHandler

2021-04-18T00:15:08	Recieved heartbeat command : ab033601161867970899C3903C3600000099
2021-04-18T00:15:12	ab033601161867971199C3903C3600000099  on topic: agvHandler

2021-04-18T00:15:12	Recieved heartbeat command : ab033601161867971199C3903C3600000099
2021-04-18T00:15:16	ab033601161867971599C3903C3600000099  on topic: agvHandler

2021-04-18T00:15:16	Recieved heartbeat command : ab033601161867971599C3903C3600000099
2021-04-18T00:15:19	ab033601161867971899C3903C3600000099  on topic: agvHandler

2021-04-18T00:15:19	Recieved heartbeat command : ab033601161867971899C3903C3600000099
2021-04-18T00:15:23	ab033601161867972299C3903C3600000099  on topic: agvHandler

2021-04-18T00:15:23	Recieved heartbeat command : ab033601161867972299C3903C3600000099
2021-04-18T00:15:26	ab033601161867972599C3903C3600000099  on topic: agvHandler

2021-04-18T00:15:26	Recieved heartbeat command : ab033601161867972599C3903C3600000099
2021-04-18T00:15:30	ab033601161867972999C3903C3600000099  on topic: agvHandler

2021-04-18T00:15:30	Recieved heartbeat command : ab033601161867972999C3903C3600000099
2021-04-18T00:15:33	ab033601161867973399C3903C3600000099  on topic: agvHandler

2021-04-18T00:15:33	Recieved heartbeat command : ab033601161867973399C3903C3600000099
2021-04-18T00:15:37	ab033601161867973699C3903C3600000099  on topic: agvHandler

2021-04-18T00:15:37	Recieved heartbeat command : ab033601161867973699C3903C3600000099
2021-04-18T00:15:40	ab033601161867974099C3903C3600000099  on topic: agvHandler

2021-04-18T00:15:40	Recieved heartbeat command : ab033601161867974099C3903C3600000099
2021-04-18T00:15:44	ab033601161867974399C3903C3600000099  on topic: agvHandler

2021-04-18T00:15:44	Recieved heartbeat command : ab033601161867974399C3903C3600000099
2021-04-18T00:15:48	ab033601161867974799C3903C3600000099  on topic: agvHandler

2021-04-18T00:15:48	Recieved heartbeat command : ab033601161867974799C3903C3600000099
2021-04-18T00:15:51	ab033601161867975099C3903C3600000099  on topic: agvHandler

2021-04-18T00:15:51	Recieved heartbeat command : ab033601161867975099C3903C3600000099
2021-04-18T00:15:55	ab033601161867975599C3903C3600000099  on topic: agvHandler

2021-04-18T00:15:55	Recieved heartbeat command : ab033601161867975599C3903C3600000099
2021-04-18T00:15:58	ab033601161867975899C3903C3600000099  on topic: agvHandler

2021-04-18T00:15:58	Recieved heartbeat command : ab033601161867975899C3903C3600000099
2021-04-18T00:16:02	ab033601161867976299C3903C3600000099  on topic: agvHandler

2021-04-18T00:16:02	Recieved heartbeat command : ab033601161867976299C3903C3600000099
2021-04-18T00:16:05	ab033601161867976599C3903C3600000099  on topic: agvHandler

2021-04-18T00:16:05	Recieved heartbeat command : ab033601161867976599C3903C3600000099
2021-04-18T00:16:09	ab033601161867976999C3903C3600000099  on topic: agvHandler

2021-04-18T00:16:09	Recieved heartbeat command : ab033601161867976999C3903C3600000099
2021-04-18T00:16:12	ab033601161867977299C3903C3600000099  on topic: agvHandler

2021-04-18T00:16:12	Recieved heartbeat command : ab033601161867977299C3903C3600000099
2021-04-18T00:16:16	ab033601161867977699C3903C3600000099  on topic: agvHandler

2021-04-18T00:16:16	Recieved heartbeat command : ab033601161867977699C3903C3600000099
2021-04-18T00:16:20	ab033601161867977999C3903C3600000099  on topic: agvHandler

2021-04-18T00:16:20	Recieved heartbeat command : ab033601161867977999C3903C3600000099
2021-04-18T00:16:23	ab033601161867978399C3903C3600000099  on topic: agvHandler

2021-04-18T00:16:23	Recieved heartbeat command : ab033601161867978399C3903C3600000099
2021-04-18T00:16:27	ab033601161867978699C3903C3600000099  on topic: agvHandler

2021-04-18T00:16:27	Recieved heartbeat command : ab033601161867978699C3903C3600000099
2021-04-18T00:16:30	ab033601161867979099C3903C3600000099  on topic: agvHandler

2021-04-18T00:16:30	Recieved heartbeat command : ab033601161867979099C3903C3600000099
2021-04-18T00:16:34	ab033601161867979499C3903C3600000099  on topic: agvHandler

2021-04-18T00:16:34	Recieved heartbeat command : ab033601161867979499C3903C3600000099
2021-04-18T00:16:39	ab033601161867979799C3903C3600000099  on topic: agvHandler

2021-04-18T00:16:39	Recieved heartbeat command : ab033601161867979799C3903C3600000099
2021-04-18T00:16:41	ab033601161867980199C3903C3600000099  on topic: agvHandler

2021-04-18T00:16:41	Recieved heartbeat command : ab033601161867980199C3903C3600000099
2021-04-18T00:16:44	ab033601161867980499C3903C3600000099  on topic: agvHandler

2021-04-18T00:16:44	Recieved heartbeat command : ab033601161867980499C3903C3600000099
2021-04-18T00:16:48	ab033601161867980899C3903C3600000099  on topic: agvHandler

2021-04-18T00:16:48	Recieved heartbeat command : ab033601161867980899C3903C3600000099
2021-04-18T00:16:51	ab033601161867981199C3903C3600000099  on topic: agvHandler

2021-04-18T00:16:51	Recieved heartbeat command : ab033601161867981199C3903C3600000099
2021-04-18T00:16:55	ab033601161867981599C3903C3600000099  on topic: agvHandler

2021-04-18T00:16:55	Recieved heartbeat command : ab033601161867981599C3903C3600000099
2021-04-18T00:16:59	ab033601161867981899C3903C3600000099  on topic: agvHandler

2021-04-18T00:16:59	Recieved heartbeat command : ab033601161867981899C3903C3600000099
2021-04-18T00:17:02	ab033601161867982299C3903C3600000099  on topic: agvHandler

2021-04-18T00:17:02	Recieved heartbeat command : ab033601161867982299C3903C3600000099
2021-04-18T00:17:06	ab033601161867982599C3903C3600000099  on topic: agvHandler

2021-04-18T00:17:06	Recieved heartbeat command : ab033601161867982599C3903C3600000099
2021-04-18T00:17:09	ab033601161867982999C3903C3600000099  on topic: agvHandler

2021-04-18T00:17:09	Recieved heartbeat command : ab033601161867982999C3903C3600000099
2021-04-18T00:17:13	ab033601161867983299C3903C3600000099  on topic: agvHandler

2021-04-18T00:17:13	Recieved heartbeat command : ab033601161867983299C3903C3600000099
2021-04-18T00:17:16	ab033601161867983699C3903C3600000099  on topic: agvHandler

2021-04-18T00:17:16	Recieved heartbeat command : ab033601161867983699C3903C3600000099
2021-04-18T00:17:20	ab033601161867983999C3903C3600000099  on topic: agvHandler

2021-04-18T00:17:20	Recieved heartbeat command : ab033601161867983999C3903C3600000099
2021-04-18T00:17:23	ab033601161867984399C3903C3600000099  on topic: agvHandler

2021-04-18T00:17:23	Recieved heartbeat command : ab033601161867984399C3903C3600000099
2021-04-18T00:18:04	ab02220116186798841299  on topic: agvHandler

2021-04-18T00:18:04	Recieved login command : ab02220116186798841299
2021-04-18T00:42:03	ab02220116186813231299  on topic: agvHandler

2021-04-18T00:42:03	Recieved login command : ab02220116186813231299
2021-04-18T00:42:07	ab033001161868132799C3903C3600000099  on topic: agvHandler

2021-04-18T00:42:07	System.ArithmeticException: Invalid command data
   at AgvPlanningModule.DataProcessing.ParseDataCommand(String rawData) in D:\AGV3.0\AGV3.0\Source code\2021\AGV_3.0_source_code_2021\PlanningModule\AgvPlanningModule\DataProcessing.cs:line 80
2021-04-18T00:42:11	ab033001161868133199C3903C3600000099  on topic: agvHandler

2021-04-18T00:42:11	System.ArithmeticException: Invalid command data
   at AgvPlanningModule.DataProcessing.ParseDataCommand(String rawData) in D:\AGV3.0\AGV3.0\Source code\2021\AGV_3.0_source_code_2021\PlanningModule\AgvPlanningModule\DataProcessing.cs:line 80
2021-04-18T00:42:15	ab033001161868133599C3903C3600000099  on topic: agvHandler

2021-04-18T00:42:15	System.ArithmeticException: Invalid command data
   at AgvPlanningModule.DataProcessing.ParseDataCommand(String rawData) in D:\AGV3.0\AGV3.0\Source code\2021\AGV_3.0_source_code_2021\PlanningModule\AgvPlanningModule\DataProcessing.cs:line 80
2021-04-18T00:42:20	ab033001161868133999C3903C3600000099  on topic: agvHandler

2021-04-18T00:42:20	System.ArithmeticException: Invalid command data
   at AgvPlanningModule.DataProcessing.ParseDataCommand(String rawData) in D:\AGV3.0\AGV3.0\Source code\2021\AGV_3.0_source_code_2021\PlanningModule\AgvPlanningModule\DataProcessing.cs:line 80
2021-04-18T00:42:23	ab033001161868134399C3903C3600000099  on topic: agvHandler

2021-04-18T00:42:23	System.ArithmeticException: Invalid command data
   at AgvPlanningModule.DataProcessing.ParseDataCommand(String rawData) in D:\AGV3.0\AGV3.0\Source code\2021\AGV_3.0_source_code_2021\PlanningModule\AgvPlanningModule\DataProcessing.cs:line 80
