
2021-04-19T22:36:25				--------------------------------
2021-04-19T22:36:25	Starting planning module ...
2021-04-19T22:36:26	Connecting to AGV 1 ...
2021-04-19T22:36:26	Done
2021-04-19T22:36:26	Connecting to AGV 2 ...
2021-04-19T22:36:26	Done
2021-04-19T22:36:26	Connecting to AGV 3 ...
2021-04-19T22:36:26	Done
2021-04-19T22:36:26	Connecting to AGV 4 ...
2021-04-19T22:36:26	Done
2021-04-19T22:36:26	Planning module is running...
2021-04-19T22:36:32	12_18  on topic: dashboardPodCarryingRequest

2021-04-19T22:36:32	Received request carrying POD 12 to node 18
2021-04-19T22:36:32	Finding nearest available AGV ...
2021-04-19T22:36:32	There is no available AGV at the moment. Please try again later.
2021-04-19T22:36:46	12_18  on topic: dashboardPodCarryingRequest

2021-04-19T22:36:46	Received request carrying POD 12 to node 18
2021-04-19T22:36:46	Finding nearest available AGV ...
2021-04-19T22:36:46	Shortest Distance from 11 to 36: 9
2021-04-19T22:36:46	Select nearest AGV 1 which is 9 away from POD 12
2021-04-19T22:36:46	Found best route which distance is: 9
2021-04-19T22:36:46	Route path is: 11 <-  1 <-  2 <-  3 <-  4 <-  5 <-  6 <-  16 <-  26 <- 36
2021-04-19T22:36:46	Found best route which distance is: 19
2021-04-19T22:36:46	Route path is: 18 <-  28 <-  38 <-  37 <-  47 <-  46 <-  56 <-  66 <-  65 <-  64 <-  63 <-  53 <-  43 <-  33 <-  23 <-  13 <-  3 <-  2 <-  1 <- 11
2021-04-19T22:37:22	12_18  on topic: dashboardPodCarryingRequest

2021-04-19T22:37:22	Received request carrying POD 12 to node 18
2021-04-19T22:37:22	Finding nearest available AGV ...
2021-04-19T22:37:22	Shortest Distance from 11 to 36: 9
2021-04-19T22:37:22	Select nearest AGV 1 which is 9 away from POD 12
2021-04-19T22:37:22	Found best route which distance is: 9
2021-04-19T22:37:22	Route path is: 11 <-  1 <-  2 <-  3 <-  4 <-  5 <-  6 <-  16 <-  26 <- 36
2021-04-19T22:37:22	Found best route which distance is: 19
2021-04-19T22:37:22	Route path is: 18 <-  28 <-  38 <-  37 <-  47 <-  46 <-  56 <-  66 <-  65 <-  64 <-  63 <-  53 <-  43 <-  33 <-  23 <-  13 <-  3 <-  2 <-  1 <- 11
2021-04-19T22:39:24	ab02220116188467631299  on topic: agvHandler

2021-04-19T22:39:24	Recieved login command : ab02220116188467631299
2021-04-19T22:39:36	12_18  on topic: dashboardPodCarryingRequest

2021-04-19T22:39:36	Received request carrying POD 12 to node 18
2021-04-19T22:39:36	Finding nearest available AGV ...
2021-04-19T22:39:36	Shortest Distance from 11 to 36: 9
2021-04-19T22:39:36	Select nearest AGV 1 which is 9 away from POD 12
2021-04-19T22:39:36	Found best route which distance is: 9
2021-04-19T22:39:36	Route path is: 11 <-  1 <-  2 <-  3 <-  4 <-  5 <-  6 <-  16 <-  26 <- 36
2021-04-19T22:39:36	Found best route which distance is: 19
2021-04-19T22:39:36	Route path is: 18 <-  28 <-  38 <-  37 <-  47 <-  46 <-  56 <-  66 <-  65 <-  64 <-  63 <-  53 <-  43 <-  33 <-  23 <-  13 <-  3 <-  2 <-  1 <- 11
2021-04-19T22:58:39	12_18  on topic: dashboardPodCarryingRequest

2021-04-19T22:58:39	Received request carrying POD 12 to node 18
2021-04-19T22:58:39	Finding nearest available AGV ...
2021-04-19T22:58:39	Shortest Distance from 11 to 36: 9
2021-04-19T22:58:39	Select nearest AGV 1 which is 9 away from POD 12
2021-04-19T22:58:39	Found best route which distance is: 9
2021-04-19T22:58:39	Route path is: 11 <-  1 <-  2 <-  3 <-  4 <-  5 <-  6 <-  16 <-  26 <- 36
2021-04-19T22:58:39	Found best route which distance is: 19
2021-04-19T22:58:39	Route path is: 18 <-  28 <-  38 <-  37 <-  47 <-  46 <-  56 <-  66 <-  65 <-  64 <-  63 <-  53 <-  43 <-  33 <-  23 <-  13 <-  3 <-  2 <-  1 <- 11
2021-04-19T22:59:53	12_18  on topic: dashboardPodCarryingRequest

2021-04-19T22:59:53	Received request carrying POD 12 to node 18
2021-04-19T22:59:53	Finding nearest available AGV ...
2021-04-19T22:59:53	Shortest Distance from 11 to 36: 9
2021-04-19T22:59:53	Select nearest AGV 1 which is 9 away from POD 12
2021-04-19T22:59:53	Found best route which distance is: 9
2021-04-19T22:59:53	Route path is: 11 <-  1 <-  2 <-  3 <-  4 <-  5 <-  6 <-  16 <-  26 <- 36
2021-04-19T22:59:53	Found best route which distance is: 19
2021-04-19T22:59:53	Route path is: 18 <-  28 <-  38 <-  37 <-  47 <-  46 <-  56 <-  66 <-  65 <-  64 <-  63 <-  53 <-  43 <-  33 <-  23 <-  13 <-  3 <-  2 <-  1 <- 11
2021-04-19T23:01:16	12_18  on topic: dashboardPodCarryingRequest

2021-04-19T23:01:16	Received request carrying POD 12 to node 18
2021-04-19T23:01:16	Finding nearest available AGV ...
2021-04-19T23:01:16	Shortest Distance from 11 to 36: 9
2021-04-19T23:01:16	Select nearest AGV 1 which is 9 away from POD 12
2021-04-19T23:01:16	Found best route which distance is: 9
2021-04-19T23:01:16	Route path is: 11 <-  1 <-  2 <-  3 <-  4 <-  5 <-  6 <-  16 <-  26 <- 36
2021-04-19T23:01:16	Found best route which distance is: 19
2021-04-19T23:01:16	Route path is: 18 <-  28 <-  38 <-  37 <-  47 <-  46 <-  56 <-  66 <-  65 <-  64 <-  63 <-  53 <-  43 <-  33 <-  23 <-  13 <-  3 <-  2 <-  1 <- 11
2021-04-19T23:02:05	12_18  on topic: dashboardPodCarryingRequest

2021-04-19T23:02:05	Received request carrying POD 12 to node 18
2021-04-19T23:02:05	Finding nearest available AGV ...
2021-04-19T23:02:05	Shortest Distance from 11 to 36: 9
2021-04-19T23:02:05	Select nearest AGV 1 which is 9 away from POD 12
2021-04-19T23:02:05	Found best route which distance is: 9
2021-04-19T23:02:05	Route path is: 11 <-  1 <-  2 <-  3 <-  4 <-  5 <-  6 <-  16 <-  26 <- 36
2021-04-19T23:02:05	Found best route which distance is: 19
2021-04-19T23:02:05	Route path is: 18 <-  28 <-  38 <-  37 <-  47 <-  46 <-  56 <-  66 <-  65 <-  64 <-  63 <-  53 <-  43 <-  33 <-  23 <-  13 <-  3 <-  2 <-  1 <- 11
2021-04-19T23:03:07	12_18  on topic: dashboardPodCarryingRequest

2021-04-19T23:03:07	Received request carrying POD 12 to node 18
2021-04-19T23:03:07	Finding nearest available AGV ...
2021-04-19T23:03:07	Shortest Distance from 11 to 36: 9
2021-04-19T23:03:07	Select nearest AGV 1 which is 9 away from POD 12
2021-04-19T23:03:07	Found best route which distance is: 9
2021-04-19T23:03:07	Route path is: 11 <-  1 <-  2 <-  3 <-  4 <-  5 <-  6 <-  16 <-  26 <- 36
2021-04-19T23:03:07	Found best route which distance is: 19
2021-04-19T23:03:07	Route path is: 18 <-  28 <-  38 <-  37 <-  47 <-  46 <-  56 <-  66 <-  65 <-  64 <-  63 <-  53 <-  43 <-  33 <-  23 <-  13 <-  3 <-  2 <-  1 <- 11
2021-04-19T23:03:32	12_18  on topic: dashboardPodCarryingRequest

2021-04-19T23:03:32	Received request carrying POD 12 to node 18
2021-04-19T23:03:32	Finding nearest available AGV ...
2021-04-19T23:03:32	Shortest Distance from 11 to 36: 9
2021-04-19T23:03:32	Select nearest AGV 1 which is 9 away from POD 12
2021-04-19T23:03:32	Found best route which distance is: 9
2021-04-19T23:03:32	Route path is: 11 <-  1 <-  2 <-  3 <-  4 <-  5 <-  6 <-  16 <-  26 <- 36
2021-04-19T23:03:32	Found best route which distance is: 19
2021-04-19T23:03:32	Route path is: 18 <-  28 <-  38 <-  37 <-  47 <-  46 <-  56 <-  66 <-  65 <-  64 <-  63 <-  53 <-  43 <-  33 <-  23 <-  13 <-  3 <-  2 <-  1 <- 11
2021-04-19T23:03:53	12_18  on topic: dashboardPodCarryingRequest

2021-04-19T23:03:53	Received request carrying POD 12 to node 18
2021-04-19T23:03:53	Finding nearest available AGV ...
2021-04-19T23:03:54	Shortest Distance from 11 to 36: 9
2021-04-19T23:03:54	Select nearest AGV 1 which is 9 away from POD 12
2021-04-19T23:03:54	Found best route which distance is: 9
2021-04-19T23:03:54	Route path is: 11 <-  1 <-  2 <-  3 <-  4 <-  5 <-  6 <-  16 <-  26 <- 36
2021-04-19T23:03:54	Found best route which distance is: 19
2021-04-19T23:03:54	Route path is: 18 <-  28 <-  38 <-  37 <-  47 <-  46 <-  56 <-  66 <-  65 <-  64 <-  63 <-  53 <-  43 <-  33 <-  23 <-  13 <-  3 <-  2 <-  1 <- 11
2021-04-19T23:05:06	12_18  on topic: dashboardPodCarryingRequest

2021-04-19T23:05:06	Received request carrying POD 12 to node 18
2021-04-19T23:05:06	Finding nearest available AGV ...
2021-04-19T23:05:06	Shortest Distance from 11 to 36: 9
2021-04-19T23:05:06	Select nearest AGV 1 which is 9 away from POD 12
2021-04-19T23:05:06	Found best route which distance is: 9
2021-04-19T23:05:06	Route path is: 11 <-  1 <-  2 <-  3 <-  4 <-  5 <-  6 <-  16 <-  26 <- 36
2021-04-19T23:05:06	Found best route which distance is: 19
2021-04-19T23:05:06	Route path is: 18 <-  28 <-  38 <-  37 <-  47 <-  46 <-  56 <-  66 <-  65 <-  64 <-  63 <-  53 <-  43 <-  33 <-  23 <-  13 <-  3 <-  2 <-  1 <- 11
2021-04-19T23:07:08	12_18  on topic: dashboardPodCarryingRequest

2021-04-19T23:07:08	Received request carrying POD 12 to node 18
2021-04-19T23:07:08	Finding nearest available AGV ...
2021-04-19T23:07:08	Shortest Distance from 11 to 36: 9
2021-04-19T23:07:08	Select nearest AGV 1 which is 9 away from POD 12
2021-04-19T23:07:08	Found best route which distance is: 9
2021-04-19T23:07:08	Route path is: 11 <-  1 <-  2 <-  3 <-  4 <-  5 <-  6 <-  16 <-  26 <- 36
2021-04-19T23:07:08	Found best route which distance is: 19
2021-04-19T23:07:08	Route path is: 18 <-  28 <-  38 <-  37 <-  47 <-  46 <-  56 <-  66 <-  65 <-  64 <-  63 <-  53 <-  43 <-  33 <-  23 <-  13 <-  3 <-  2 <-  1 <- 11
2021-04-19T23:08:01	12_18  on topic: dashboardPodCarryingRequest

2021-04-19T23:08:01	Received request carrying POD 12 to node 18
2021-04-19T23:08:01	Finding nearest available AGV ...
2021-04-19T23:08:01	Shortest Distance from 11 to 36: 9
2021-04-19T23:08:01	Select nearest AGV 1 which is 9 away from POD 12
2021-04-19T23:08:01	Found best route which distance is: 9
2021-04-19T23:08:01	Route path is: 11 <-  1 <-  2 <-  3 <-  4 <-  5 <-  6 <-  16 <-  26 <- 36
2021-04-19T23:08:01	Found best route which distance is: 19
2021-04-19T23:08:01	Route path is: 18 <-  28 <-  38 <-  37 <-  47 <-  46 <-  56 <-  66 <-  65 <-  64 <-  63 <-  53 <-  43 <-  33 <-  23 <-  13 <-  3 <-  2 <-  1 <- 11
2021-04-19T23:16:51	12_18  on topic: dashboardPodCarryingRequest

2021-04-19T23:16:51	Received request carrying POD 12 to node 18
2021-04-19T23:16:51	Finding nearest available AGV ...
2021-04-19T23:16:51	Shortest Distance from 11 to 36: 9
2021-04-19T23:16:51	Select nearest AGV 1 which is 9 away from POD 12
2021-04-19T23:16:51	Found best route which distance is: 9
2021-04-19T23:16:51	Route path is: 11 <-  1 <-  2 <-  3 <-  4 <-  5 <-  6 <-  16 <-  26 <- 36
2021-04-19T23:16:51	Found best route which distance is: 19
2021-04-19T23:16:51	Route path is: 18 <-  28 <-  38 <-  37 <-  47 <-  46 <-  56 <-  66 <-  65 <-  64 <-  63 <-  53 <-  43 <-  33 <-  23 <-  13 <-  3 <-  2 <-  1 <- 11
2021-04-19T23:17:39	12_18  on topic: dashboardPodCarryingRequest

2021-04-19T23:17:39	Received request carrying POD 12 to node 18
2021-04-19T23:17:39	Finding nearest available AGV ...
2021-04-19T23:17:39	Shortest Distance from 11 to 36: 9
2021-04-19T23:17:39	Select nearest AGV 1 which is 9 away from POD 12
2021-04-19T23:17:39	Found best route which distance is: 9
2021-04-19T23:17:39	Route path is: 11 <-  1 <-  2 <-  3 <-  4 <-  5 <-  6 <-  16 <-  26 <- 36
2021-04-19T23:17:39	Found best route which distance is: 19
2021-04-19T23:17:39	Route path is: 18 <-  28 <-  38 <-  37 <-  47 <-  46 <-  56 <-  66 <-  65 <-  64 <-  63 <-  53 <-  43 <-  33 <-  23 <-  13 <-  3 <-  2 <-  1 <- 11
2021-04-19T23:18:52	17_27  on topic: dashboardPodCarryingRequest

2021-04-19T23:18:52	Received request carrying POD 17 to node 27
2021-04-19T23:18:52	Finding nearest available AGV ...
2021-04-19T23:18:52	Shortest Distance from 27 to 36: 2
2021-04-19T23:18:52	Select nearest AGV 1 which is 2 away from POD 17
2021-04-19T23:18:52	Found best route which distance is: 2
2021-04-19T23:18:52	Route path is: 27 <-  26 <- 36
2021-04-19T23:18:52	Found best route which distance is: 0
2021-04-19T23:18:52	Route path is:27
