
2021-05-20T23:25:52				--------------------------------
2021-05-20T23:25:52	Starting planning module ...
2021-05-20T23:25:55	Connecting to AGV 1 ...
2021-05-20T23:25:55	Done
2021-05-20T23:25:55	Connecting to AGV 2 ...
2021-05-20T23:25:55	Done
2021-05-20T23:25:55	Connecting to AGV 3 ...
2021-05-20T23:25:55	Done
2021-05-20T23:25:55	Connecting to AGV 4 ...
2021-05-20T23:25:55	Done
2021-05-20T23:25:55	Planning module is running...
2021-05-20T23:25:57	ab033801162152795699C3903C360000000199  on topic: agvHandler

2021-05-20T23:25:57	Recieved heartbeat command : ab033801162152795699C3903C360000000199
2021-05-20T23:26:00	ab033801162152796099C3903C360000000199  on topic: agvHandler

2021-05-20T23:26:00	Recieved heartbeat command : ab033801162152796099C3903C360000000199
2021-05-20T23:26:04	ab033801162152796399C3903C360000000199  on topic: agvHandler

2021-05-20T23:26:04	Recieved heartbeat command : ab033801162152796399C3903C360000000199
2021-05-20T23:26:07	ab033801162152796799C3903C360000000199  on topic: agvHandler

2021-05-20T23:26:07	Recieved heartbeat command : ab033801162152796799C3903C360000000199
2021-05-20T23:26:11	ab033801162152797099C3903C360000000199  on topic: agvHandler

2021-05-20T23:26:11	Recieved heartbeat command : ab033801162152797099C3903C360000000199
2021-05-20T23:26:15	ab033801162152797499C3903C360000000199  on topic: agvHandler

2021-05-20T23:26:15	Recieved heartbeat command : ab033801162152797499C3903C360000000199
2021-05-20T23:26:18	ab033801162152797799C3903C360000000199  on topic: agvHandler

2021-05-20T23:26:18	Recieved heartbeat command : ab033801162152797799C3903C360000000199
2021-05-20T23:26:22	ab033801162152798199C3903C360000000199  on topic: agvHandler

2021-05-20T23:26:22	Recieved heartbeat command : ab033801162152798199C3903C360000000199
2021-05-20T23:26:25	ab033801162152798499C3903C360000000199  on topic: agvHandler

2021-05-20T23:26:25	Recieved heartbeat command : ab033801162152798499C3903C360000000199
2021-05-20T23:26:29	ab033801162152798899C3903C360000000199  on topic: agvHandler

2021-05-20T23:26:29	Recieved heartbeat command : ab033801162152798899C3903C360000000199
2021-05-20T23:26:32	ab033801162152799199C3903C360000000199  on topic: agvHandler

2021-05-20T23:26:32	Recieved heartbeat command : ab033801162152799199C3903C360000000199
2021-05-20T23:26:36	ab033801162152799599C3903C360000000199  on topic: agvHandler

2021-05-20T23:26:36	Recieved heartbeat command : ab033801162152799599C3903C360000000199
2021-05-20T23:26:39	ab033801162152799899C3903C360000000199  on topic: agvHandler

2021-05-20T23:26:39	Recieved heartbeat command : ab033801162152799899C3903C360000000199
2021-05-20T23:26:43	ab033801162152800299C3903C360000000199  on topic: agvHandler

2021-05-20T23:26:43	Recieved heartbeat command : ab033801162152800299C3903C360000000199
2021-05-20T23:26:46	ab033801162152800699C3903C360000000199  on topic: agvHandler

2021-05-20T23:26:46	Recieved heartbeat command : ab033801162152800699C3903C360000000199
2021-05-20T23:26:50	ab033801162152800999C3903C360000000199  on topic: agvHandler

2021-05-20T23:26:50	Recieved heartbeat command : ab033801162152800999C3903C360000000199
2021-05-20T23:26:54	ab033801162152801399C3903C360000000199  on topic: agvHandler

2021-05-20T23:26:54	Recieved heartbeat command : ab033801162152801399C3903C360000000199
2021-05-20T23:26:57	ab033801162152801699C3903C360000000199  on topic: agvHandler

2021-05-20T23:26:57	Recieved heartbeat command : ab033801162152801699C3903C360000000199
2021-05-20T23:27:01	ab033801162152802099C3903C360000000199  on topic: agvHandler

2021-05-20T23:27:01	Recieved heartbeat command : ab033801162152802099C3903C360000000199
2021-05-20T23:27:04	ab033801162152802399C3903C360000000199  on topic: agvHandler

2021-05-20T23:27:04	Recieved heartbeat command : ab033801162152802399C3903C360000000199
2021-05-20T23:27:08	ab033801162152802899C3903C360000000199  on topic: agvHandler

2021-05-20T23:27:08	Recieved heartbeat command : ab033801162152802899C3903C360000000199
2021-05-20T23:27:11	ab033801162152803199C3903C360000000199  on topic: agvHandler

2021-05-20T23:27:11	Recieved heartbeat command : ab033801162152803199C3903C360000000199
2021-05-20T23:27:15	ab033801162152803599C3903C360000000199  on topic: agvHandler

2021-05-20T23:27:15	Recieved heartbeat command : ab033801162152803599C3903C360000000199
2021-05-20T23:27:18	ab033801162152803899C3903C360000000199  on topic: agvHandler

2021-05-20T23:27:18	Recieved heartbeat command : ab033801162152803899C3903C360000000199
2021-05-20T23:27:22	ab033801162152804299C3903C360000000199  on topic: agvHandler

2021-05-20T23:27:22	Recieved heartbeat command : ab033801162152804299C3903C360000000199
2021-05-20T23:27:26	ab033801162152804599C3903C360000000199  on topic: agvHandler

2021-05-20T23:27:26	Recieved heartbeat command : ab033801162152804599C3903C360000000199
2021-05-20T23:27:29	ab033801162152804999C3903C360000000199  on topic: agvHandler

2021-05-20T23:27:29	Recieved heartbeat command : ab033801162152804999C3903C360000000199
2021-05-20T23:27:33	ab033801162152805299C3903C360000000199  on topic: agvHandler

2021-05-20T23:27:33	Recieved heartbeat command : ab033801162152805299C3903C360000000199
2021-05-20T23:27:36	ab033801162152805699C3903C360000000199  on topic: agvHandler

2021-05-20T23:27:36	Recieved heartbeat command : ab033801162152805699C3903C360000000199
2021-05-20T23:27:40	ab033801162152805999C3903C360000000199  on topic: agvHandler

2021-05-20T23:27:40	Recieved heartbeat command : ab033801162152805999C3903C360000000199
2021-05-20T23:27:43	ab033801162152806399C3903C360000000199  on topic: agvHandler

2021-05-20T23:27:43	Recieved heartbeat command : ab033801162152806399C3903C360000000199
2021-05-20T23:27:47	ab033801162152806799C3903C360000000199  on topic: agvHandler

2021-05-20T23:27:47	Recieved heartbeat command : ab033801162152806799C3903C360000000199
2021-05-20T23:27:50	ab033801162152807099C3903C360000000199  on topic: agvHandler

2021-05-20T23:27:50	Recieved heartbeat command : ab033801162152807099C3903C360000000199
2021-05-20T23:27:54	ab033801162152807499C3903C360000000199  on topic: agvHandler

2021-05-20T23:27:54	Recieved heartbeat command : ab033801162152807499C3903C360000000199
2021-05-20T23:27:57	ab033801162152807799C3903C360000000199  on topic: agvHandler

2021-05-20T23:27:57	Recieved heartbeat command : ab033801162152807799C3903C360000000199
2021-05-20T23:28:01	ab033801162152808199C3903C360000000199  on topic: agvHandler

2021-05-20T23:28:01	Recieved heartbeat command : ab033801162152808199C3903C360000000199
2021-05-20T23:28:05	ab033801162152808499C3903C360000000199  on topic: agvHandler

2021-05-20T23:28:05	Recieved heartbeat command : ab033801162152808499C3903C360000000199
2021-05-20T23:28:08	ab033801162152808899C3903C360000000199  on topic: agvHandler

2021-05-20T23:28:08	Recieved heartbeat command : ab033801162152808899C3903C360000000199
2021-05-20T23:28:12	ab033801162152809199C3903C360000000199  on topic: agvHandler

2021-05-20T23:28:12	Recieved heartbeat command : ab033801162152809199C3903C360000000199
2021-05-20T23:28:15	ab033801162152809599C3903C360000000199  on topic: agvHandler

2021-05-20T23:28:15	Recieved heartbeat command : ab033801162152809599C3903C360000000199
2021-05-20T23:28:19	ab033801162152809899C3903C360000000199  on topic: agvHandler

2021-05-20T23:28:19	Recieved heartbeat command : ab033801162152809899C3903C360000000199
2021-05-20T23:28:22	ab033801162152810299C3903C360000000199  on topic: agvHandler

2021-05-20T23:28:22	Recieved heartbeat command : ab033801162152810299C3903C360000000199
2021-05-20T23:28:26	ab033801162152810599C3903C360000000199  on topic: agvHandler

2021-05-20T23:28:26	Recieved heartbeat command : ab033801162152810599C3903C360000000199
2021-05-20T23:28:29	ab033801162152810999C3903C360000000199  on topic: agvHandler

2021-05-20T23:28:29	Recieved heartbeat command : ab033801162152810999C3903C360000000199
2021-05-20T23:28:33	ab033801162152811299C3903C360000000199  on topic: agvHandler

2021-05-20T23:28:33	Recieved heartbeat command : ab033801162152811299C3903C360000000199
2021-05-20T23:28:36	ab033801162152811699C3903C360000000199  on topic: agvHandler

2021-05-20T23:28:36	Recieved heartbeat command : ab033801162152811699C3903C360000000199
2021-05-20T23:28:40	ab033801162152811999C3903C360000000199  on topic: agvHandler

2021-05-20T23:28:40	Recieved heartbeat command : ab033801162152811999C3903C360000000199
2021-05-20T23:28:44	ab033801162152812399C3903C360000000199  on topic: agvHandler

2021-05-20T23:28:44	Recieved heartbeat command : ab033801162152812399C3903C360000000199
2021-05-20T23:28:47	ab033801162152812799C3903C360000000199  on topic: agvHandler

2021-05-20T23:28:47	Recieved heartbeat command : ab033801162152812799C3903C360000000199
2021-05-20T23:28:51	ab033801162152813099C3903C360000000199  on topic: agvHandler

2021-05-20T23:28:51	Recieved heartbeat command : ab033801162152813099C3903C360000000199
2021-05-20T23:28:54	ab033801162152813499C3903C360000000199  on topic: agvHandler

2021-05-20T23:28:54	Recieved heartbeat command : ab033801162152813499C3903C360000000199
2021-05-20T23:28:58	ab033801162152813799C3903C360000000199  on topic: agvHandler

2021-05-20T23:28:58	Recieved heartbeat command : ab033801162152813799C3903C360000000199
2021-05-20T23:29:01	ab033801162152814199C3903C360000000199  on topic: agvHandler

2021-05-20T23:29:01	Recieved heartbeat command : ab033801162152814199C3903C360000000199
2021-05-20T23:29:05	ab033801162152814499C3903C360000000199  on topic: agvHandler

2021-05-20T23:29:05	Recieved heartbeat command : ab033801162152814499C3903C360000000199
2021-05-20T23:29:08	ab033801162152814899C3903C360000000199  on topic: agvHandler

2021-05-20T23:29:08	Recieved heartbeat command : ab033801162152814899C3903C360000000199
2021-05-20T23:29:12	ab033801162152815199C3903C360000000199  on topic: agvHandler

2021-05-20T23:29:12	Recieved heartbeat command : ab033801162152815199C3903C360000000199
2021-05-20T23:29:16	ab033801162152815599C3903C360000000199  on topic: agvHandler

2021-05-20T23:29:16	Recieved heartbeat command : ab033801162152815599C3903C360000000199
2021-05-20T23:29:19	ab033801162152815899C3903C360000000199  on topic: agvHandler

2021-05-20T23:29:19	Recieved heartbeat command : ab033801162152815899C3903C360000000199
2021-05-20T23:29:23	ab033801162152816299C3903C360000000199  on topic: agvHandler

2021-05-20T23:29:23	Recieved heartbeat command : ab033801162152816299C3903C360000000199
2021-05-20T23:29:26	ab033801162152816599C3903C360000000199  on topic: agvHandler

2021-05-20T23:29:26	Recieved heartbeat command : ab033801162152816599C3903C360000000199
2021-05-20T23:29:30	ab033801162152816999C3903C360000000199  on topic: agvHandler

2021-05-20T23:29:30	Recieved heartbeat command : ab033801162152816999C3903C360000000199
2021-05-20T23:29:33	ab033801162152817299C3903C360000000199  on topic: agvHandler

2021-05-20T23:29:33	Recieved heartbeat command : ab033801162152817299C3903C360000000199
2021-05-20T23:29:37	ab033801162152817699C3903C360000000199  on topic: agvHandler

2021-05-20T23:29:37	Recieved heartbeat command : ab033801162152817699C3903C360000000199
2021-05-20T23:29:40	ab033801162152817999C3903C360000000199  on topic: agvHandler

2021-05-20T23:29:40	Recieved heartbeat command : ab033801162152817999C3903C360000000199
2021-05-20T23:29:44	ab033801162152818399C3903C360000000199  on topic: agvHandler

2021-05-20T23:29:44	Recieved heartbeat command : ab033801162152818399C3903C360000000199
2021-05-20T23:29:47	ab033801162152818799C3903C360000000199  on topic: agvHandler

2021-05-20T23:29:47	Recieved heartbeat command : ab033801162152818799C3903C360000000199
2021-05-20T23:29:51	ab033801162152819099C3903C360000000199  on topic: agvHandler

2021-05-20T23:29:51	Recieved heartbeat command : ab033801162152819099C3903C360000000199
2021-05-20T23:29:55	ab033801162152819499C3903C360000000199  on topic: agvHandler

2021-05-20T23:29:55	Recieved heartbeat command : ab033801162152819499C3903C360000000199
2021-05-20T23:29:58	ab033801162152819799C3903C360000000199  on topic: agvHandler

2021-05-20T23:29:58	Recieved heartbeat command : ab033801162152819799C3903C360000000199
2021-05-20T23:30:02	ab033801162152820199C3903C360000000199  on topic: agvHandler

2021-05-20T23:30:02	Recieved heartbeat command : ab033801162152820199C3903C360000000199
2021-05-20T23:30:05	ab033801162152820499C3903C360000000199  on topic: agvHandler

2021-05-20T23:30:05	Recieved heartbeat command : ab033801162152820499C3903C360000000199
2021-05-20T23:30:09	ab033801162152820999C3903C360000000199  on topic: agvHandler

2021-05-20T23:30:09	Recieved heartbeat command : ab033801162152820999C3903C360000000199
2021-05-20T23:30:12	ab033801162152821299C3903C360000000199  on topic: agvHandler

2021-05-20T23:30:12	Recieved heartbeat command : ab033801162152821299C3903C360000000199
2021-05-20T23:30:16	ab033801162152821699C3903C360000000199  on topic: agvHandler

2021-05-20T23:30:16	Recieved heartbeat command : ab033801162152821699C3903C360000000199
2021-05-20T23:30:19	ab033801162152821999C3903C360000000199  on topic: agvHandler

2021-05-20T23:30:19	Recieved heartbeat command : ab033801162152821999C3903C360000000199
2021-05-20T23:30:23	ab033801162152822399C3903C360000000199  on topic: agvHandler

2021-05-20T23:30:23	Recieved heartbeat command : ab033801162152822399C3903C360000000199
2021-05-20T23:30:27	ab033801162152822699C3903C360000000199  on topic: agvHandler

2021-05-20T23:30:27	Recieved heartbeat command : ab033801162152822699C3903C360000000199
2021-05-20T23:30:30	ab033801162152823099C3903C360000000199  on topic: agvHandler

2021-05-20T23:30:30	Recieved heartbeat command : ab033801162152823099C3903C360000000199
2021-05-20T23:30:34	ab033801162152823399C3903C360000000199  on topic: agvHandler

2021-05-20T23:30:34	Recieved heartbeat command : ab033801162152823399C3903C360000000199
2021-05-20T23:30:37	ab033801162152823799C3903C360000000199  on topic: agvHandler

2021-05-20T23:30:37	Recieved heartbeat command : ab033801162152823799C3903C360000000199
2021-05-20T23:30:41	ab033801162152824099C3903C360000000199  on topic: agvHandler

2021-05-20T23:30:41	Recieved heartbeat command : ab033801162152824099C3903C360000000199
2021-05-20T23:30:44	ab033801162152824499C3903C360000000199  on topic: agvHandler

2021-05-20T23:30:44	Recieved heartbeat command : ab033801162152824499C3903C360000000199
2021-05-20T23:30:48	ab033801162152824899C3903C360000000199  on topic: agvHandler

2021-05-20T23:30:48	Recieved heartbeat command : ab033801162152824899C3903C360000000199
2021-05-20T23:30:51	ab033801162152825199C3903C360000000199  on topic: agvHandler

2021-05-20T23:30:51	Recieved heartbeat command : ab033801162152825199C3903C360000000199
2021-05-20T23:30:55	ab033801162152825599C3903C360000000199  on topic: agvHandler

2021-05-20T23:30:55	Recieved heartbeat command : ab033801162152825599C3903C360000000199
2021-05-20T23:30:58	ab033801162152825899C3903C360000000199  on topic: agvHandler

2021-05-20T23:30:58	Recieved heartbeat command : ab033801162152825899C3903C360000000199
2021-05-20T23:31:02	ab033801162152826299C3903C360000000199  on topic: agvHandler

2021-05-20T23:31:02	Recieved heartbeat command : ab033801162152826299C3903C360000000199
2021-05-20T23:31:06	ab033801162152826599C3903C360000000199  on topic: agvHandler

2021-05-20T23:31:06	Recieved heartbeat command : ab033801162152826599C3903C360000000199
2021-05-20T23:31:10	ab033801162152827099C3903C360000000199  on topic: agvHandler

2021-05-20T23:31:10	Recieved heartbeat command : ab033801162152827099C3903C360000000199
2021-05-20T23:31:13	ab033801162152827499C3903C360000000199  on topic: agvHandler

2021-05-20T23:31:13	Recieved heartbeat command : ab033801162152827499C3903C360000000199
2021-05-20T23:31:17	ab033801162152827799C3903C360000000199  on topic: agvHandler

2021-05-20T23:31:17	Recieved heartbeat command : ab033801162152827799C3903C360000000199
2021-05-20T23:31:20	ab033801162152828199C3903C360000000199  on topic: agvHandler

2021-05-20T23:31:20	Recieved heartbeat command : ab033801162152828199C3903C360000000199
2021-05-20T23:31:24	ab033801162152828499C3903C360000000199  on topic: agvHandler

2021-05-20T23:31:24	Recieved heartbeat command : ab033801162152828499C3903C360000000199
2021-05-20T23:31:28	ab033801162152828899C3903C360000000199  on topic: agvHandler

2021-05-20T23:31:28	Recieved heartbeat command : ab033801162152828899C3903C360000000199
2021-05-20T23:31:31	ab033801162152829199C3903C360000000199  on topic: agvHandler

2021-05-20T23:31:31	Recieved heartbeat command : ab033801162152829199C3903C360000000199
2021-05-20T23:31:35	ab033801162152829599C3903C360000000199  on topic: agvHandler

2021-05-20T23:31:35	Recieved heartbeat command : ab033801162152829599C3903C360000000199
2021-05-20T23:31:38	ab033801162152829999C3903C360000000199  on topic: agvHandler

2021-05-20T23:31:38	Recieved heartbeat command : ab033801162152829999C3903C360000000199
2021-05-20T23:31:42	ab033801162152830299C3903C360000000199  on topic: agvHandler

2021-05-20T23:31:42	Recieved heartbeat command : ab033801162152830299C3903C360000000199
2021-05-20T23:31:45	ab033801162152830699C3903C360000000199  on topic: agvHandler

2021-05-20T23:31:45	Recieved heartbeat command : ab033801162152830699C3903C360000000199
2021-05-20T23:31:49	ab033801162152830999C3903C360000000199  on topic: agvHandler

2021-05-20T23:31:49	Recieved heartbeat command : ab033801162152830999C3903C360000000199
2021-05-20T23:31:52	ab033801162152831399C3903C360000000199  on topic: agvHandler

2021-05-20T23:31:52	Recieved heartbeat command : ab033801162152831399C3903C360000000199
2021-05-20T23:31:56	ab033801162152831699C3903C360000000199  on topic: agvHandler

2021-05-20T23:31:56	Recieved heartbeat command : ab033801162152831699C3903C360000000199
2021-05-20T23:31:59	ab033801162152832099C3903C360000000199  on topic: agvHandler

2021-05-20T23:31:59	Recieved heartbeat command : ab033801162152832099C3903C360000000199
2021-05-20T23:32:03	ab033801162152832399C3903C360000000199  on topic: agvHandler

2021-05-20T23:32:03	Recieved heartbeat command : ab033801162152832399C3903C360000000199
2021-05-20T23:32:07	ab033801162152832799C3903C360000000199  on topic: agvHandler

2021-05-20T23:32:07	Recieved heartbeat command : ab033801162152832799C3903C360000000199
2021-05-20T23:32:10	ab033801162152833099C3903C360000000199  on topic: agvHandler

2021-05-20T23:32:10	Recieved heartbeat command : ab033801162152833099C3903C360000000199
2021-05-20T23:32:14	ab033801162152833399C3903C360000000199  on topic: agvHandler

2021-05-20T23:32:14	Recieved heartbeat command : ab033801162152833399C3903C360000000199
2021-05-20T23:32:17	ab033801162152833799C3903C360000000199  on topic: agvHandler

2021-05-20T23:32:17	Recieved heartbeat command : ab033801162152833799C3903C360000000199
2021-05-20T23:32:21	ab033801162152834099C3903C360000000199  on topic: agvHandler

2021-05-20T23:32:21	Recieved heartbeat command : ab033801162152834099C3903C360000000199
2021-05-20T23:32:24	ab033801162152834499C3903C360000000199  on topic: agvHandler

2021-05-20T23:32:24	Recieved heartbeat command : ab033801162152834499C3903C360000000199
2021-05-20T23:32:28	ab033801162152834799C3903C360000000199  on topic: agvHandler

2021-05-20T23:32:28	Recieved heartbeat command : ab033801162152834799C3903C360000000199
2021-05-20T23:32:31	ab033801162152835199C3903C360000000199  on topic: agvHandler

2021-05-20T23:32:31	Recieved heartbeat command : ab033801162152835199C3903C360000000199
2021-05-20T23:32:35	ab033801162152835499C3903C360000000199  on topic: agvHandler

2021-05-20T23:32:35	Recieved heartbeat command : ab033801162152835499C3903C360000000199
2021-05-20T23:32:39	ab033801162152835899C3903C360000000199  on topic: agvHandler

2021-05-20T23:32:39	Recieved heartbeat command : ab033801162152835899C3903C360000000199
2021-05-20T23:32:42	ab033801162152836199C3903C360000000199  on topic: agvHandler

2021-05-20T23:32:42	Recieved heartbeat command : ab033801162152836199C3903C360000000199
2021-05-20T23:32:46	ab033801162152836599C3903C360000000199  on topic: agvHandler

2021-05-20T23:32:46	Recieved heartbeat command : ab033801162152836599C3903C360000000199
2021-05-20T23:32:49	ab033801162152836999C3903C360000000199  on topic: agvHandler

2021-05-20T23:32:49	Recieved heartbeat command : ab033801162152836999C3903C360000000199
2021-05-20T23:32:53	ab033801162152837299C3903C360000000199  on topic: agvHandler

2021-05-20T23:32:53	Recieved heartbeat command : ab033801162152837299C3903C360000000199
2021-05-20T23:32:56	ab033801162152837699C3903C360000000199  on topic: agvHandler

2021-05-20T23:32:56	Recieved heartbeat command : ab033801162152837699C3903C360000000199
2021-05-20T23:33:00	ab033801162152837999C3903C360000000199  on topic: agvHandler

2021-05-20T23:33:00	Recieved heartbeat command : ab033801162152837999C3903C360000000199
2021-05-20T23:33:03	ab033801162152838399C3903C360000000199  on topic: agvHandler

2021-05-20T23:33:03	Recieved heartbeat command : ab033801162152838399C3903C360000000199
2021-05-20T23:33:07	ab033801162152838699C3903C360000000199  on topic: agvHandler

2021-05-20T23:33:07	Recieved heartbeat command : ab033801162152838699C3903C360000000199
2021-05-20T23:33:11	ab033801162152839199C3903C360000000199  on topic: agvHandler

2021-05-20T23:33:11	Recieved heartbeat command : ab033801162152839199C3903C360000000199
2021-05-20T23:33:15	ab033801162152839599C3903C360000000199  on topic: agvHandler

2021-05-20T23:33:15	Recieved heartbeat command : ab033801162152839599C3903C360000000199
2021-05-20T23:33:19	ab033801162152839899C3903C360000000199  on topic: agvHandler

2021-05-20T23:33:19	Recieved heartbeat command : ab033801162152839899C3903C360000000199
2021-05-20T23:33:22	ab033801162152840299C3903C360000000199  on topic: agvHandler

2021-05-20T23:33:22	Recieved heartbeat command : ab033801162152840299C3903C360000000199
2021-05-20T23:33:26	ab033801162152840599C3903C360000000199  on topic: agvHandler

2021-05-20T23:33:26	Recieved heartbeat command : ab033801162152840599C3903C360000000199
2021-05-20T23:33:29	ab033801162152840999C3903C360000000199  on topic: agvHandler

2021-05-20T23:33:29	Recieved heartbeat command : ab033801162152840999C3903C360000000199
2021-05-20T23:33:33	ab033801162152841299C3903C360000000199  on topic: agvHandler

2021-05-20T23:33:33	Recieved heartbeat command : ab033801162152841299C3903C360000000199
2021-05-20T23:33:36	ab033801162152841699C3903C360000000199  on topic: agvHandler

2021-05-20T23:33:36	Recieved heartbeat command : ab033801162152841699C3903C360000000199
2021-05-20T23:33:40	ab033801162152841999C3903C360000000199  on topic: agvHandler

2021-05-20T23:33:40	Recieved heartbeat command : ab033801162152841999C3903C360000000199
2021-05-20T23:33:43	ab033801162152842399C3903C360000000199  on topic: agvHandler

2021-05-20T23:33:43	Recieved heartbeat command : ab033801162152842399C3903C360000000199
2021-05-20T23:33:47	ab033801162152842699C3903C360000000199  on topic: agvHandler

2021-05-20T23:33:47	Recieved heartbeat command : ab033801162152842699C3903C360000000199
2021-05-20T23:33:51	ab033801162152843099C3903C360000000199  on topic: agvHandler

2021-05-20T23:33:51	Recieved heartbeat command : ab033801162152843099C3903C360000000199
2021-05-20T23:33:54	ab033801162152843499C3903C360000000199  on topic: agvHandler

2021-05-20T23:33:54	Recieved heartbeat command : ab033801162152843499C3903C360000000199
2021-05-20T23:33:58	ab033801162152843799C3903C360000000199  on topic: agvHandler

2021-05-20T23:33:58	Recieved heartbeat command : ab033801162152843799C3903C360000000199
2021-05-20T23:34:01	ab033801162152844199C3903C360000000199  on topic: agvHandler

2021-05-20T23:34:01	Recieved heartbeat command : ab033801162152844199C3903C360000000199
2021-05-20T23:34:05	ab033801162152844499C3903C360000000199  on topic: agvHandler

2021-05-20T23:34:05	Recieved heartbeat command : ab033801162152844499C3903C360000000199
2021-05-20T23:34:08	ab033801162152844899C3903C360000000199  on topic: agvHandler

2021-05-20T23:34:08	Recieved heartbeat command : ab033801162152844899C3903C360000000199
2021-05-20T23:34:12	ab033801162152845199C3903C360000000199  on topic: agvHandler

2021-05-20T23:34:12	Recieved heartbeat command : ab033801162152845199C3903C360000000199
2021-05-20T23:34:15	ab033801162152845599C3903C360000000199  on topic: agvHandler

2021-05-20T23:34:15	Recieved heartbeat command : ab033801162152845599C3903C360000000199
2021-05-20T23:34:19	ab033801162152845899C3903C360000000199  on topic: agvHandler

2021-05-20T23:34:19	Recieved heartbeat command : ab033801162152845899C3903C360000000199
2021-05-20T23:34:22	ab033801162152846299C3903C360000000199  on topic: agvHandler

2021-05-20T23:34:22	Recieved heartbeat command : ab033801162152846299C3903C360000000199
2021-05-20T23:34:26	ab033801162152846599C3903C360000000199  on topic: agvHandler

2021-05-20T23:34:26	Recieved heartbeat command : ab033801162152846599C3903C360000000199
2021-05-20T23:34:30	ab033801162152846999C3903C360000000199  on topic: agvHandler

2021-05-20T23:34:30	Recieved heartbeat command : ab033801162152846999C3903C360000000199
2021-05-20T23:34:33	ab033801162152847299C3903C360000000199  on topic: agvHandler

2021-05-20T23:34:33	Recieved heartbeat command : ab033801162152847299C3903C360000000199
2021-05-20T23:34:37	ab033801162152847699C3903C360000000199  on topic: agvHandler

2021-05-20T23:34:37	Recieved heartbeat command : ab033801162152847699C3903C360000000199
2021-05-20T23:34:40	ab033801162152847999C3903C360000000199  on topic: agvHandler

2021-05-20T23:34:40	Recieved heartbeat command : ab033801162152847999C3903C360000000199
2021-05-20T23:34:44	ab033801162152848399C3903C360000000199  on topic: agvHandler

2021-05-20T23:34:44	Recieved heartbeat command : ab033801162152848399C3903C360000000199
2021-05-20T23:34:47	ab033801162152848699C3903C360000000199  on topic: agvHandler

2021-05-20T23:34:47	Recieved heartbeat command : ab033801162152848699C3903C360000000199
2021-05-20T23:34:51	ab033801162152849099C3903C360000000199  on topic: agvHandler

2021-05-20T23:34:51	Recieved heartbeat command : ab033801162152849099C3903C360000000199
2021-05-20T23:34:54	ab033801162152849499C3903C360000000199  on topic: agvHandler

2021-05-20T23:34:54	Recieved heartbeat command : ab033801162152849499C3903C360000000199
2021-05-20T23:34:58	ab033801162152849799C3903C360000000199  on topic: agvHandler

2021-05-20T23:34:58	Recieved heartbeat command : ab033801162152849799C3903C360000000199
2021-05-20T23:35:01	ab033801162152850199C3903C360000000199  on topic: agvHandler

2021-05-20T23:35:01	Recieved heartbeat command : ab033801162152850199C3903C360000000199
2021-05-20T23:35:05	ab033801162152850499C3903C360000000199  on topic: agvHandler

2021-05-20T23:35:05	Recieved heartbeat command : ab033801162152850499C3903C360000000199
2021-05-20T23:35:09	ab033801162152850899C3903C360000000199  on topic: agvHandler

2021-05-20T23:35:09	Recieved heartbeat command : ab033801162152850899C3903C360000000199
2021-05-20T23:35:12	ab033801162152851199C3903C360000000199  on topic: agvHandler

2021-05-20T23:35:12	Recieved heartbeat command : ab033801162152851199C3903C360000000199
2021-05-20T23:35:16	ab033801162152851599C3903C360000000199  on topic: agvHandler

2021-05-20T23:35:16	Recieved heartbeat command : ab033801162152851599C3903C360000000199
2021-05-20T23:35:19	ab033801162152851899C3903C360000000199  on topic: agvHandler

2021-05-20T23:35:19	Recieved heartbeat command : ab033801162152851899C3903C360000000199
2021-05-20T23:35:23	ab033801162152852299C3903C360000000199  on topic: agvHandler

2021-05-20T23:35:23	Recieved heartbeat command : ab033801162152852299C3903C360000000199
2021-05-20T23:35:26	ab033801162152852599C3903C360000000199  on topic: agvHandler

2021-05-20T23:35:26	Recieved heartbeat command : ab033801162152852599C3903C360000000199
2021-05-20T23:35:30	ab033801162152852999C3903C360000000199  on topic: agvHandler

2021-05-20T23:35:30	Recieved heartbeat command : ab033801162152852999C3903C360000000199
2021-05-20T23:35:33	ab033801162152853299C3903C360000000199  on topic: agvHandler

2021-05-20T23:35:33	Recieved heartbeat command : ab033801162152853299C3903C360000000199
2021-05-20T23:35:37	ab033801162152853699C3903C360000000199  on topic: agvHandler

2021-05-20T23:35:37	Recieved heartbeat command : ab033801162152853699C3903C360000000199
2021-05-20T23:35:41	ab033801162152853999C3903C360000000199  on topic: agvHandler

2021-05-20T23:35:41	Recieved heartbeat command : ab033801162152853999C3903C360000000199
2021-05-20T23:35:44	ab033801162152854399C3903C360000000199  on topic: agvHandler

2021-05-20T23:35:44	Recieved heartbeat command : ab033801162152854399C3903C360000000199
2021-05-20T23:35:48	ab033801162152854699C3903C360000000199  on topic: agvHandler

2021-05-20T23:35:48	Recieved heartbeat command : ab033801162152854699C3903C360000000199
2021-05-20T23:35:51	ab033801162152855099C3903C360000000199  on topic: agvHandler

2021-05-20T23:35:51	Recieved heartbeat command : ab033801162152855099C3903C360000000199
2021-05-20T23:35:55	ab033801162152855499C3903C360000000199  on topic: agvHandler

2021-05-20T23:35:55	Recieved heartbeat command : ab033801162152855499C3903C360000000199
2021-05-20T23:35:58	ab033801162152855799C3903C360000000199  on topic: agvHandler

2021-05-20T23:35:58	Recieved heartbeat command : ab033801162152855799C3903C360000000199
2021-05-20T23:36:02	ab033801162152856199C3903C360000000199  on topic: agvHandler

2021-05-20T23:36:02	Recieved heartbeat command : ab033801162152856199C3903C360000000199
2021-05-20T23:36:05	ab033801162152856499C3903C360000000199  on topic: agvHandler

2021-05-20T23:36:05	Recieved heartbeat command : ab033801162152856499C3903C360000000199
2021-05-20T23:36:09	ab033801162152856899C3903C360000000199  on topic: agvHandler

2021-05-20T23:36:09	Recieved heartbeat command : ab033801162152856899C3903C360000000199
2021-05-20T23:36:12	ab033801162152857199C3903C360000000199  on topic: agvHandler

2021-05-20T23:36:12	Recieved heartbeat command : ab033801162152857199C3903C360000000199
2021-05-20T23:36:16	ab033801162152857699C3903C360000000199  on topic: agvHandler

2021-05-20T23:36:16	Recieved heartbeat command : ab033801162152857699C3903C360000000199
2021-05-20T23:36:20	ab033801162152857999C3903C360000000199  on topic: agvHandler

2021-05-20T23:36:20	Recieved heartbeat command : ab033801162152857999C3903C360000000199
2021-05-20T23:36:23	ab033801162152858399C3903C360000000199  on topic: agvHandler

2021-05-20T23:36:23	Recieved heartbeat command : ab033801162152858399C3903C360000000199
2021-05-20T23:36:27	ab033801162152858699C3903C360000000199  on topic: agvHandler

2021-05-20T23:36:27	Recieved heartbeat command : ab033801162152858699C3903C360000000199
2021-05-20T23:36:30	ab033801162152859099C3903C360000000199  on topic: agvHandler

2021-05-20T23:36:30	Recieved heartbeat command : ab033801162152859099C3903C360000000199
2021-05-20T23:36:34	ab033801162152859399C3903C360000000199  on topic: agvHandler

2021-05-20T23:36:34	Recieved heartbeat command : ab033801162152859399C3903C360000000199
2021-05-20T23:36:37	ab033801162152859799C3903C360000000199  on topic: agvHandler

2021-05-20T23:36:37	Recieved heartbeat command : ab033801162152859799C3903C360000000199
2021-05-20T23:36:41	ab033801162152860099C3903C360000000199  on topic: agvHandler

2021-05-20T23:36:41	Recieved heartbeat command : ab033801162152860099C3903C360000000199
2021-05-20T23:36:44	ab033801162152860499C3903C360000000199  on topic: agvHandler

2021-05-20T23:36:44	Recieved heartbeat command : ab033801162152860499C3903C360000000199
2021-05-20T23:36:48	ab033801162152860799C3903C360000000199  on topic: agvHandler

2021-05-20T23:36:48	Recieved heartbeat command : ab033801162152860799C3903C360000000199
2021-05-20T23:36:52	ab033801162152861199C3903C360000000199  on topic: agvHandler

2021-05-20T23:36:52	Recieved heartbeat command : ab033801162152861199C3903C360000000199
2021-05-20T23:36:55	ab033801162152861599C3903C360000000199  on topic: agvHandler

2021-05-20T23:36:55	Recieved heartbeat command : ab033801162152861599C3903C360000000199
2021-05-20T23:36:59	ab033801162152861899C3903C360000000199  on topic: agvHandler

2021-05-20T23:36:59	Recieved heartbeat command : ab033801162152861899C3903C360000000199
2021-05-20T23:37:02	ab033801162152862299C3903C360000000199  on topic: agvHandler

2021-05-20T23:37:02	Recieved heartbeat command : ab033801162152862299C3903C360000000199
2021-05-20T23:37:06	ab033801162152862599C3903C360000000199  on topic: agvHandler

2021-05-20T23:37:06	Recieved heartbeat command : ab033801162152862599C3903C360000000199
2021-05-20T23:37:09	ab033801162152862999C3903C360000000199  on topic: agvHandler

2021-05-20T23:37:09	Recieved heartbeat command : ab033801162152862999C3903C360000000199
2021-05-20T23:37:13	ab033801162152863299C3903C360000000199  on topic: agvHandler

2021-05-20T23:37:13	Recieved heartbeat command : ab033801162152863299C3903C360000000199
2021-05-20T23:37:16	ab033801162152863699C3903C360000000199  on topic: agvHandler

2021-05-20T23:37:16	Recieved heartbeat command : ab033801162152863699C3903C360000000199
2021-05-20T23:37:20	ab033801162152863999C3903C360000000199  on topic: agvHandler

2021-05-20T23:37:20	Recieved heartbeat command : ab033801162152863999C3903C360000000199
2021-05-20T23:37:24	ab033801162152864399C3903C360000000199  on topic: agvHandler

2021-05-20T23:37:24	Recieved heartbeat command : ab033801162152864399C3903C360000000199
2021-05-20T23:37:27	ab033801162152864699C3903C360000000199  on topic: agvHandler

2021-05-20T23:37:27	Recieved heartbeat command : ab033801162152864699C3903C360000000199
2021-05-20T23:37:31	ab033801162152865099C3903C360000000199  on topic: agvHandler

2021-05-20T23:37:31	Recieved heartbeat command : ab033801162152865099C3903C360000000199
2021-05-20T23:37:34	ab033801162152865399C3903C360000000199  on topic: agvHandler

2021-05-20T23:37:34	Recieved heartbeat command : ab033801162152865399C3903C360000000199
2021-05-20T23:37:38	ab033801162152865799C3903C360000000199  on topic: agvHandler

2021-05-20T23:37:38	Recieved heartbeat command : ab033801162152865799C3903C360000000199
2021-05-20T23:37:41	ab033801162152866099C3903C360000000199  on topic: agvHandler

2021-05-20T23:37:41	Recieved heartbeat command : ab033801162152866099C3903C360000000199
2021-05-20T23:37:45	ab033801162152866499C3903C360000000199  on topic: agvHandler

2021-05-20T23:37:45	Recieved heartbeat command : ab033801162152866499C3903C360000000199
2021-05-20T23:37:48	ab033801162152866799C3903C360000000199  on topic: agvHandler

2021-05-20T23:37:48	Recieved heartbeat command : ab033801162152866799C3903C360000000199
2021-05-20T23:37:52	ab033801162152867199C3903C360000000199  on topic: agvHandler

2021-05-20T23:37:52	Recieved heartbeat command : ab033801162152867199C3903C360000000199
2021-05-20T23:37:55	ab033801162152867599C3903C360000000199  on topic: agvHandler

2021-05-20T23:37:55	Recieved heartbeat command : ab033801162152867599C3903C360000000199
2021-05-20T23:37:59	ab033801162152867899C3903C360000000199  on topic: agvHandler

2021-05-20T23:37:59	Recieved heartbeat command : ab033801162152867899C3903C360000000199
2021-05-20T23:38:03	ab033801162152868299C3903C360000000199  on topic: agvHandler

2021-05-20T23:38:03	Recieved heartbeat command : ab033801162152868299C3903C360000000199
2021-05-20T23:38:06	ab033801162152868599C3903C360000000199  on topic: agvHandler

2021-05-20T23:38:06	Recieved heartbeat command : ab033801162152868599C3903C360000000199
2021-05-20T23:38:10	ab033801162152868999C3903C360000000199  on topic: agvHandler

2021-05-20T23:38:10	Recieved heartbeat command : ab033801162152868999C3903C360000000199
2021-05-20T23:38:13	ab033801162152869299C3903C360000000199  on topic: agvHandler

2021-05-20T23:38:13	Recieved heartbeat command : ab033801162152869299C3903C360000000199
2021-05-20T23:38:17	ab033801162152869799C3903C360000000199  on topic: agvHandler

2021-05-20T23:38:17	Recieved heartbeat command : ab033801162152869799C3903C360000000199
2021-05-20T23:38:20	ab033801162152870099C3903C360000000199  on topic: agvHandler

2021-05-20T23:38:20	Recieved heartbeat command : ab033801162152870099C3903C360000000199
2021-05-20T23:38:22	17_27  on topic: dashboardPodCarryingRequest

2021-05-20T23:38:22	Received request carrying POD 17 to node 27
2021-05-20T23:38:22	Finding nearest available AGV ...
2021-05-20T23:38:22	Shortest Distance from 27 to 36: 2
2021-05-20T23:38:22	Shortest Distance from 27 to 85: 8
2021-05-20T23:38:22	Shortest Distance from 27 to 32: 10
2021-05-20T23:38:22	Select nearest AGV 1 which is 2 away from POD 17
2021-05-20T23:38:22	Found best route which distance is: 2
2021-05-20T23:38:22	Route path is: 27 <-  26 <- 36
2021-05-20T23:38:22	Found best route which distance is: 0
2021-05-20T23:38:22	Route path is:27
2021-05-20T23:38:24	ab033801162152870499C3903C360000000199  on topic: agvHandler

2021-05-20T23:38:24	Recieved heartbeat command : ab033801162152870499C3903C360000000199
2021-05-20T23:38:27	ab033801162152870799C3903C360000000199  on topic: agvHandler

2021-05-20T23:38:27	Recieved heartbeat command : ab033801162152870799C3903C360000000199
2021-05-20T23:38:31	ab033801162152871199C3903C360000000199  on topic: agvHandler

2021-05-20T23:38:31	Recieved heartbeat command : ab033801162152871199C3903C360000000199
2021-05-20T23:38:32	17_27  on topic: dashboardPodCarryingRequest

2021-05-20T23:38:32	Received request carrying POD 17 to node 27
2021-05-20T23:38:32	Finding nearest available AGV ...
2021-05-20T23:38:32	Shortest Distance from 27 to 36: 2
2021-05-20T23:38:32	Shortest Distance from 27 to 85: 8
2021-05-20T23:38:32	Shortest Distance from 27 to 32: 10
2021-05-20T23:38:32	Select nearest AGV 1 which is 2 away from POD 17
2021-05-20T23:38:32	Found best route which distance is: 2
2021-05-20T23:38:32	Route path is: 27 <-  26 <- 36
2021-05-20T23:38:32	Found best route which distance is: 0
2021-05-20T23:38:32	Route path is:27
2021-05-20T23:38:34	ab033801162152871499C3903C360000000199  on topic: agvHandler

2021-05-20T23:38:34	Recieved heartbeat command : ab033801162152871499C3903C360000000199
2021-05-20T23:38:38	ab033801162152871899C3903C360000000199  on topic: agvHandler

2021-05-20T23:38:38	Recieved heartbeat command : ab033801162152871899C3903C360000000199
2021-05-20T23:38:39	12_18  on topic: dashboardPodCarryingRequest

2021-05-20T23:38:39	Received request carrying POD 12 to node 18
2021-05-20T23:38:39	Finding nearest available AGV ...
2021-05-20T23:38:39	Shortest Distance from 11 to 36: 9
2021-05-20T23:38:39	Shortest Distance from 11 to 85: 13
2021-05-20T23:38:39	Shortest Distance from 11 to 32: 5
2021-05-20T23:38:39	Select nearest AGV 3 which is 5 away from POD 12
2021-05-20T23:38:39	Found best route which distance is: 5
2021-05-20T23:38:39	Route path is: 11 <-  10 <-  20 <-  30 <-  31 <- 32
2021-05-20T23:38:39	Found best route which distance is: 19
2021-05-20T23:38:39	Route path is: 18 <-  28 <-  38 <-  37 <-  47 <-  46 <-  56 <-  66 <-  65 <-  64 <-  63 <-  53 <-  43 <-  33 <-  23 <-  13 <-  3 <-  2 <-  1 <- 11
2021-05-20T23:38:42	ab033801162152872199C3903C360000000199  on topic: agvHandler

2021-05-20T23:38:42	Recieved heartbeat command : ab033801162152872199C3903C360000000199
2021-05-20T23:38:44	12_18  on topic: dashboardPodCarryingRequest

2021-05-20T23:38:44	Received request carrying POD 12 to node 18
2021-05-20T23:38:44	Finding nearest available AGV ...
2021-05-20T23:38:44	Shortest Distance from 11 to 36: 9
2021-05-20T23:38:44	Shortest Distance from 11 to 85: 13
2021-05-20T23:38:44	Select nearest AGV 1 which is 9 away from POD 12
2021-05-20T23:38:44	Found best route which distance is: 9
2021-05-20T23:38:44	Route path is: 11 <-  1 <-  2 <-  3 <-  4 <-  5 <-  6 <-  16 <-  26 <- 36
2021-05-20T23:38:44	Found best route which distance is: 19
2021-05-20T23:38:44	Route path is: 18 <-  28 <-  38 <-  37 <-  47 <-  46 <-  56 <-  66 <-  65 <-  64 <-  63 <-  53 <-  43 <-  33 <-  23 <-  13 <-  3 <-  2 <-  1 <- 11
2021-05-20T23:38:45	ab033801162152872599C3903C360000000199  on topic: agvHandler

2021-05-20T23:38:45	Recieved heartbeat command : ab033801162152872599C3903C360000000199
2021-05-20T23:38:49	ab033801162152872999C3903C360000000199  on topic: agvHandler

2021-05-20T23:38:49	Recieved heartbeat command : ab033801162152872999C3903C360000000199
2021-05-20T23:38:52	ab033801162152873299C3903C360000000199  on topic: agvHandler

2021-05-20T23:38:52	Recieved heartbeat command : ab033801162152873299C3903C360000000199
2021-05-20T23:38:56	ab033801162152873699C3903C360000000199  on topic: agvHandler

2021-05-20T23:38:56	Recieved heartbeat command : ab033801162152873699C3903C360000000199
2021-05-20T23:38:59	ab033801162152873999C3903C360000000199  on topic: agvHandler

2021-05-20T23:38:59	Recieved heartbeat command : ab033801162152873999C3903C360000000199
2021-05-20T23:39:02	12_18  on topic: dashboardPodCarryingRequest

2021-05-20T23:39:02	Received request carrying POD 12 to node 18
2021-05-20T23:39:02	Finding nearest available AGV ...
2021-05-20T23:39:02	Shortest Distance from 11 to 36: 9
2021-05-20T23:39:02	Shortest Distance from 11 to 85: 13
2021-05-20T23:39:02	Select nearest AGV 1 which is 9 away from POD 12
2021-05-20T23:39:02	Found best route which distance is: 9
2021-05-20T23:39:02	Route path is: 11 <-  1 <-  2 <-  3 <-  4 <-  5 <-  6 <-  16 <-  26 <- 36
2021-05-20T23:39:02	Found best route which distance is: 19
2021-05-20T23:39:02	Route path is: 18 <-  28 <-  38 <-  37 <-  47 <-  46 <-  56 <-  66 <-  65 <-  64 <-  63 <-  53 <-  43 <-  33 <-  23 <-  13 <-  3 <-  2 <-  1 <- 11
2021-05-20T23:39:03	ab033801162152874399C3903C360000000199  on topic: agvHandler

2021-05-20T23:39:03	Recieved heartbeat command : ab033801162152874399C3903C360000000199
2021-05-20T23:39:07	ab033801162152874699C3903C360000000199  on topic: agvHandler

2021-05-20T23:39:07	Recieved heartbeat command : ab033801162152874699C3903C360000000199
2021-05-20T23:39:10	ab033801162152875099C3903C360000000199  on topic: agvHandler

2021-05-20T23:39:10	Recieved heartbeat command : ab033801162152875099C3903C360000000199
2021-05-20T23:39:14	ab033801162152875499C3903C360000000199  on topic: agvHandler

2021-05-20T23:39:14	Recieved heartbeat command : ab033801162152875499C3903C360000000199
2021-05-20T23:39:18	ab033801162152875899C3903C360000000199  on topic: agvHandler

2021-05-20T23:39:18	Recieved heartbeat command : ab033801162152875899C3903C360000000199
2021-05-20T23:39:22	ab033801162152876299C3903C360000000199  on topic: agvHandler

2021-05-20T23:39:22	Recieved heartbeat command : ab033801162152876299C3903C360000000199
2021-05-20T23:39:25	ab033801162152876599C3903C360000000199  on topic: agvHandler

2021-05-20T23:39:26	Recieved heartbeat command : ab033801162152876599C3903C360000000199
2021-05-20T23:39:29	ab033801162152876999C3903C360000000199  on topic: agvHandler

2021-05-20T23:39:29	Recieved heartbeat command : ab033801162152876999C3903C360000000199
2021-05-20T23:39:33	ab033801162152877299C3903C360000000199  on topic: agvHandler

2021-05-20T23:39:33	Recieved heartbeat command : ab033801162152877299C3903C360000000199
2021-05-20T23:39:36	ab033801162152877699C3903C360000000199  on topic: agvHandler

2021-05-20T23:39:36	Recieved heartbeat command : ab033801162152877699C3903C360000000199
2021-05-20T23:39:40	ab033801162152877999C3903C360000000199  on topic: agvHandler

2021-05-20T23:39:40	Recieved heartbeat command : ab033801162152877999C3903C360000000199
2021-05-20T23:39:43	ab033801162152878399C3903C360000000199  on topic: agvHandler

2021-05-20T23:39:43	Recieved heartbeat command : ab033801162152878399C3903C360000000199
2021-05-20T23:39:47	ab033801162152878699C3903C360000000199  on topic: agvHandler

2021-05-20T23:39:47	Recieved heartbeat command : ab033801162152878699C3903C360000000199
2021-05-20T23:39:50	ab033801162152879099C3903C360000000199  on topic: agvHandler

2021-05-20T23:39:50	Recieved heartbeat command : ab033801162152879099C3903C360000000199
2021-05-20T23:39:54	ab033801162152879399C3903C360000000199  on topic: agvHandler

2021-05-20T23:39:54	Recieved heartbeat command : ab033801162152879399C3903C360000000199
2021-05-20T23:39:57	ab033801162152879799C3903C360000000199  on topic: agvHandler

2021-05-20T23:39:57	Recieved heartbeat command : ab033801162152879799C3903C360000000199
2021-05-20T23:40:01	ab033801162152880199C3903C360000000199  on topic: agvHandler

2021-05-20T23:40:01	Recieved heartbeat command : ab033801162152880199C3903C360000000199
2021-05-20T23:40:05	ab033801162152880499C3903C360000000199  on topic: agvHandler

2021-05-20T23:40:05	Recieved heartbeat command : ab033801162152880499C3903C360000000199
2021-05-20T23:40:08	ab033801162152880899C3903C360000000199  on topic: agvHandler

2021-05-20T23:40:08	Recieved heartbeat command : ab033801162152880899C3903C360000000199
2021-05-20T23:40:12	ab033801162152881199C3903C360000000199  on topic: agvHandler

2021-05-20T23:40:12	Recieved heartbeat command : ab033801162152881199C3903C360000000199
2021-05-20T23:40:15	ab033801162152881599C3903C360000000199  on topic: agvHandler

2021-05-20T23:40:15	Recieved heartbeat command : ab033801162152881599C3903C360000000199
2021-05-20T23:40:19	ab033801162152881899C3903C360000000199  on topic: agvHandler

2021-05-20T23:40:19	Recieved heartbeat command : ab033801162152881899C3903C360000000199
2021-05-20T23:40:22	ab033801162152882299C3903C360000000199  on topic: agvHandler

2021-05-20T23:40:22	Recieved heartbeat command : ab033801162152882299C3903C360000000199
2021-05-20T23:40:26	ab033801162152882599C3903C360000000199  on topic: agvHandler

2021-05-20T23:40:26	Recieved heartbeat command : ab033801162152882599C3903C360000000199
2021-05-20T23:40:29	ab033801162152882999C3903C360000000199  on topic: agvHandler

2021-05-20T23:40:29	Recieved heartbeat command : ab033801162152882999C3903C360000000199
2021-05-20T23:40:33	ab033801162152883299C3903C360000000199  on topic: agvHandler

2021-05-20T23:40:33	Recieved heartbeat command : ab033801162152883299C3903C360000000199
2021-05-20T23:40:37	ab033801162152883699C3903C360000000199  on topic: agvHandler

2021-05-20T23:40:37	Recieved heartbeat command : ab033801162152883699C3903C360000000199
2021-05-20T23:40:40	ab033801162152883999C3903C360000000199  on topic: agvHandler

2021-05-20T23:40:40	Recieved heartbeat command : ab033801162152883999C3903C360000000199
2021-05-20T23:40:44	ab033801162152884399C3903C360000000199  on topic: agvHandler

2021-05-20T23:40:44	Recieved heartbeat command : ab033801162152884399C3903C360000000199
2021-05-20T23:40:47	ab033801162152884699C3903C360000000199  on topic: agvHandler

2021-05-20T23:40:47	Recieved heartbeat command : ab033801162152884699C3903C360000000199
2021-05-20T23:40:51	ab033801162152885099C3903C360000000199  on topic: agvHandler

2021-05-20T23:40:51	Recieved heartbeat command : ab033801162152885099C3903C360000000199
2021-05-20T23:40:54	ab033801162152885399C3903C360000000199  on topic: agvHandler

2021-05-20T23:40:54	Recieved heartbeat command : ab033801162152885399C3903C360000000199
2021-05-20T23:40:58	ab033801162152885799C3903C360000000199  on topic: agvHandler

2021-05-20T23:40:58	Recieved heartbeat command : ab033801162152885799C3903C360000000199
2021-05-20T23:41:01	ab033801162152886199C3903C360000000199  on topic: agvHandler

2021-05-20T23:41:01	Recieved heartbeat command : ab033801162152886199C3903C360000000199
2021-05-20T23:41:05	ab033801162152886499C3903C360000000199  on topic: agvHandler

2021-05-20T23:41:05	Recieved heartbeat command : ab033801162152886499C3903C360000000199
2021-05-20T23:41:08	ab033801162152886899C3903C360000000199  on topic: agvHandler

2021-05-20T23:41:08	Recieved heartbeat command : ab033801162152886899C3903C360000000199
2021-05-20T23:41:12	ab033801162152887199C3903C360000000199  on topic: agvHandler

2021-05-20T23:41:12	Recieved heartbeat command : ab033801162152887199C3903C360000000199
2021-05-20T23:41:16	ab033801162152887599C3903C360000000199  on topic: agvHandler

2021-05-20T23:41:16	Recieved heartbeat command : ab033801162152887599C3903C360000000199
2021-05-20T23:41:19	ab033801162152887899C3903C360000000199  on topic: agvHandler

2021-05-20T23:41:19	Recieved heartbeat command : ab033801162152887899C3903C360000000199
2021-05-20T23:41:23	ab033801162152888299C3903C360000000199  on topic: agvHandler

2021-05-20T23:41:23	Recieved heartbeat command : ab033801162152888299C3903C360000000199
2021-05-20T23:41:26	ab033801162152888599C3903C360000000199  on topic: agvHandler

2021-05-20T23:41:26	Recieved heartbeat command : ab033801162152888599C3903C360000000199
2021-05-20T23:41:30	ab033801162152888999C3903C360000000199  on topic: agvHandler

2021-05-20T23:41:30	Recieved heartbeat command : ab033801162152888999C3903C360000000199
2021-05-20T23:41:33	ab033801162152889299C3903C360000000199  on topic: agvHandler

2021-05-20T23:41:33	Recieved heartbeat command : ab033801162152889299C3903C360000000199
2021-05-20T23:41:37	ab033801162152889699C3903C360000000199  on topic: agvHandler

2021-05-20T23:41:37	Recieved heartbeat command : ab033801162152889699C3903C360000000199
2021-05-20T23:41:40	ab033801162152889999C3903C360000000199  on topic: agvHandler

2021-05-20T23:41:40	Recieved heartbeat command : ab033801162152889999C3903C360000000199
2021-05-20T23:41:44	ab033801162152890399C3903C360000000199  on topic: agvHandler

2021-05-20T23:41:44	Recieved heartbeat command : ab033801162152890399C3903C360000000199
2021-05-20T23:41:47	ab033801162152890699C3903C360000000199  on topic: agvHandler

2021-05-20T23:41:47	Recieved heartbeat command : ab033801162152890699C3903C360000000199
2021-05-20T23:41:51	ab033801162152891099C3903C360000000199  on topic: agvHandler

2021-05-20T23:41:51	Recieved heartbeat command : ab033801162152891099C3903C360000000199
2021-05-20T23:41:55	ab033801162152891399C3903C360000000199  on topic: agvHandler

2021-05-20T23:41:55	Recieved heartbeat command : ab033801162152891399C3903C360000000199
2021-05-20T23:41:58	ab033801162152891799C3903C360000000199  on topic: agvHandler

2021-05-20T23:41:58	Recieved heartbeat command : ab033801162152891799C3903C360000000199
2021-05-20T23:42:02	ab033801162152892199C3903C360000000199  on topic: agvHandler

2021-05-20T23:42:02	Recieved heartbeat command : ab033801162152892199C3903C360000000199
2021-05-20T23:42:05	ab033801162152892499C3903C360000000199  on topic: agvHandler

2021-05-20T23:42:05	Recieved heartbeat command : ab033801162152892499C3903C360000000199
2021-05-20T23:42:09	ab033801162152892899C3903C360000000199  on topic: agvHandler

2021-05-20T23:42:09	Recieved heartbeat command : ab033801162152892899C3903C360000000199
2021-05-20T23:42:12	ab033801162152893199C3903C360000000199  on topic: agvHandler

2021-05-20T23:42:12	Recieved heartbeat command : ab033801162152893199C3903C360000000199
2021-05-20T23:42:16	ab033801162152893599C3903C360000000199  on topic: agvHandler

2021-05-20T23:42:16	Recieved heartbeat command : ab033801162152893599C3903C360000000199
2021-05-20T23:42:19	ab033801162152893899C3903C360000000199  on topic: agvHandler

2021-05-20T23:42:19	Recieved heartbeat command : ab033801162152893899C3903C360000000199
2021-05-20T23:42:23	ab033801162152894399C3903C360000000199  on topic: agvHandler

2021-05-20T23:42:23	Recieved heartbeat command : ab033801162152894399C3903C360000000199
2021-05-20T23:42:27	ab033801162152894699C3903C360000000199  on topic: agvHandler

2021-05-20T23:42:27	Recieved heartbeat command : ab033801162152894699C3903C360000000199
2021-05-20T23:42:30	ab033801162152895099C3903C360000000199  on topic: agvHandler

2021-05-20T23:42:30	Recieved heartbeat command : ab033801162152895099C3903C360000000199
2021-05-20T23:42:34	ab033801162152895399C3903C360000000199  on topic: agvHandler

2021-05-20T23:42:34	Recieved heartbeat command : ab033801162152895399C3903C360000000199
2021-05-20T23:42:37	ab033801162152895799C3903C360000000199  on topic: agvHandler

2021-05-20T23:42:37	Recieved heartbeat command : ab033801162152895799C3903C360000000199
2021-05-20T23:42:41	ab033801162152896099C3903C360000000199  on topic: agvHandler

2021-05-20T23:42:41	Recieved heartbeat command : ab033801162152896099C3903C360000000199
2021-05-20T23:42:44	ab033801162152896499C3903C360000000199  on topic: agvHandler

2021-05-20T23:42:44	Recieved heartbeat command : ab033801162152896499C3903C360000000199
2021-05-20T23:42:48	ab033801162152896899C3903C360000000199  on topic: agvHandler

2021-05-20T23:42:48	Recieved heartbeat command : ab033801162152896899C3903C360000000199
2021-05-20T23:42:52	ab033801162152897199C3903C360000000199  on topic: agvHandler

2021-05-20T23:42:52	Recieved heartbeat command : ab033801162152897199C3903C360000000199
2021-05-20T23:42:55	ab033801162152897599C3903C360000000199  on topic: agvHandler

2021-05-20T23:42:55	Recieved heartbeat command : ab033801162152897599C3903C360000000199
2021-05-20T23:42:59	ab033801162152897899C3903C360000000199  on topic: agvHandler

2021-05-20T23:42:59	Recieved heartbeat command : ab033801162152897899C3903C360000000199
